[debug] [2022-04-03T14:31:07.037Z] ----------------------------------------------------------------------
[debug] [2022-04-03T14:31:07.039Z] Command:       /usr/local/bin/node /usr/local/bin/firebase emulators:start --only functions
[debug] [2022-04-03T14:31:07.040Z] CLI Version:   10.5.0
[debug] [2022-04-03T14:31:07.040Z] Platform:      darwin
[debug] [2022-04-03T14:31:07.040Z] Node Version:  v16.13.1
[debug] [2022-04-03T14:31:07.041Z] Time:          Sun Apr 03 2022 22:31:07 GMT+0800 (Hong Kong Standard Time)
[debug] [2022-04-03T14:31:07.042Z] ----------------------------------------------------------------------
[debug] 
[debug] [2022-04-03T14:31:07.155Z] > command requires scopes: ["email","openid","https://www.googleapis.com/auth/cloudplatformprojects.readonly","https://www.googleapis.com/auth/firebase","https://www.googleapis.com/auth/cloud-platform"]
[debug] [2022-04-03T14:31:07.156Z] > authorizing via signed-in user (chawisa.batt@gmail.com)
[info] i  emulators: Starting emulators: functions {"metadata":{"emulator":{"name":"hub"},"message":"Starting emulators: functions"}}
[debug] [2022-04-03T14:31:07.189Z] [hub] writing locator at /var/folders/lf/hf91zfv57ls70_g2bm2md9040000gn/T/hub-security-ce24b.json
[warn] ⚠  functions: The following emulators are not running, calls to these services from the Functions emulator will affect production: auth, firestore, database, hosting, pubsub, storage {"metadata":{"emulator":{"name":"functions"},"message":"The following emulators are not running, calls to these services from the Functions emulator will affect production: \u001b[1mauth, firestore, database, hosting, pubsub, storage\u001b[22m"}}
[info] ✔  functions: Using node@16 from host. {"metadata":{"emulator":{"name":"functions"},"message":"Using node@16 from host."}}
[debug] [2022-04-03T14:31:07.216Z] defaultcredentials: writing to file /Users/batt/.config/firebase/chawisa_batt_gmail.com_application_default_credentials.json
[debug] [2022-04-03T14:31:07.225Z] Setting GAC to /Users/batt/.config/firebase/chawisa_batt_gmail.com_application_default_credentials.json {"metadata":{"emulator":{"name":"functions"},"message":"Setting GAC to /Users/batt/.config/firebase/chawisa_batt_gmail.com_application_default_credentials.json"}}
[debug] [2022-04-03T14:31:07.229Z] >>> [apiv2][query] GET https://firebase.googleapis.com/v1beta1/projects/security-ce24b/adminSdkConfig [none]
[debug] [2022-04-03T14:31:07.582Z] <<< [apiv2][status] GET https://firebase.googleapis.com/v1beta1/projects/security-ce24b/adminSdkConfig 200
[debug] [2022-04-03T14:31:07.582Z] <<< [apiv2][body] GET https://firebase.googleapis.com/v1beta1/projects/security-ce24b/adminSdkConfig {"projectId":"security-ce24b","storageBucket":"security-ce24b.appspot.com","locationId":"us-central"}
[debug] [2022-04-03T14:31:07.967Z] Ignoring unsupported arg: auto_download {"metadata":{"emulator":{"name":"ui"},"message":"Ignoring unsupported arg: auto_download"}}
[debug] [2022-04-03T14:31:07.967Z] Ignoring unsupported arg: port {"metadata":{"emulator":{"name":"ui"},"message":"Ignoring unsupported arg: port"}}
[debug] [2022-04-03T14:31:07.967Z] Starting Emulator UI with command {"binary":"node","args":["/Users/batt/.cache/firebase/emulators/ui-v1.6.5/server.bundle.js"],"optionalArgs":[],"joinArgs":false} {"metadata":{"emulator":{"name":"ui"},"message":"Starting Emulator UI with command {\"binary\":\"node\",\"args\":[\"/Users/batt/.cache/firebase/emulators/ui-v1.6.5/server.bundle.js\"],\"optionalArgs\":[],\"joinArgs\":false}"}}
[info] i  ui: Emulator UI logging to ui-debug.log {"metadata":{"emulator":{"name":"ui"},"message":"Emulator UI logging to \u001b[1mui-debug.log\u001b[22m"}}
[debug] [2022-04-03T14:31:08.120Z] Web / API server started at localhost:4000
 {"metadata":{"emulator":{"name":"ui"},"message":"Web / API server started at localhost:4000\n"}}
[info] i  functions: Watching "/Users/batt/PolyU/sec_project/functions" for Cloud Functions... {"metadata":{"emulator":{"name":"functions"},"message":"Watching \"/Users/batt/PolyU/sec_project/functions\" for Cloud Functions..."}}
[debug] [2022-04-03T14:31:08.240Z] Validating nodejs source
[debug] [2022-04-03T14:31:09.915Z] > [functions] package.json contents: {
  "name": "stripe-backend",
  "version": "1.0.0",
  "description": "",
  "main": "index.js",
  "scripts": {
    "test": "echo \"Error: no test specified\" && exit 1"
  },
  "author": "",
  "license": "ISC",
  "dependencies": {
    "axios": "^0.26.1",
    "cors": "^2.8.5",
    "dotenv": "^8.2.0",
    "express": "^4.17.1",
    "firebase-admin": "^10.0.2",
    "firebase-functions": "^3.19.0",
    "stripe": "^8.214.0"
  }
}
[debug] [2022-04-03T14:31:09.916Z] Building nodejs source
[debug] [2022-04-03T14:31:09.916Z] Analyzing nodejs backend spec
[info] ✔  functions[us-central1-services]: http function initialized (http://localhost:5001/security-ce24b/us-central1/services). {"metadata":{"emulator":{"name":"functions"},"message":"\u001b[1mhttp\u001b[22m function initialized (http://localhost:5001/security-ce24b/us-central1/services)."}}
[info] 
┌─────────────────────────────────────────────────────────────┐
│ ✔  All emulators ready! It is now safe to connect your app. │
│ i  View Emulator UI at http://localhost:4000                │
└─────────────────────────────────────────────────────────────┘

┌───────────┬────────────────┬─────────────────────────────────┐
│ Emulator  │ Host:Port      │ View in Emulator UI             │
├───────────┼────────────────┼─────────────────────────────────┤
│ Functions │ localhost:5001 │ http://localhost:4000/functions │
└───────────┴────────────────┴─────────────────────────────────┘
  Emulator Hub running at localhost:4400
  Other reserved ports: 4500

Issues? Report them at https://github.com/firebase/firebase-tools/issues and attach the *-debug.log files.
 
[debug] [2022-04-03T14:31:21.599Z] [work-queue] {"queueLength":1,"workRunningCount":0}
[debug] [2022-04-03T14:31:21.599Z] [work-queue] {"queueLength":0,"workRunningCount":1}
[debug] [2022-04-03T14:31:21.600Z] Accepted request GET /security-ce24b/us-central1/services --> us-central1-services
[info] i  functions: Loaded environment variables from .env. 
[debug] [2022-04-03T14:31:21.612Z] [worker-pool] addWorker(us-central1-services) {"metadata":{"emulator":{"name":"functions"},"message":"[worker-pool] addWorker(us-central1-services)"}}
[debug] [2022-04-03T14:31:21.613Z] [worker-pool] Adding worker with key us-central1-services, total=1 {"metadata":{"emulator":{"name":"functions"},"message":"[worker-pool] Adding worker with key us-central1-services, total=1"}}
[debug] [2022-04-03T14:31:21.613Z] [worker-pool] submitWork(triggerId=us-central1-services) {"metadata":{"emulator":{"name":"functions"},"message":"[worker-pool] submitWork(triggerId=us-central1-services)"}}
[debug] [2022-04-03T14:31:21.613Z] [worker-us-central1-services-b3cba73c-3efe-4e61-a3e3-de44de5e9fb5]: Assigning socketPath: /var/folders/lf/hf91zfv57ls70_g2bm2md9040000gn/T/fire_emu_12030.sock {"metadata":{"emulator":{"name":"functions"},"message":"[worker-us-central1-services-b3cba73c-3efe-4e61-a3e3-de44de5e9fb5]: Assigning socketPath: /var/folders/lf/hf91zfv57ls70_g2bm2md9040000gn/T/fire_emu_12030.sock"}}
[debug] [2022-04-03T14:31:21.614Z] [worker-us-central1-services-b3cba73c-3efe-4e61-a3e3-de44de5e9fb5]: BUSY {"metadata":{"emulator":{"name":"functions"},"message":"[worker-us-central1-services-b3cba73c-3efe-4e61-a3e3-de44de5e9fb5]: BUSY"}}
[debug] [2022-04-03T14:31:22.701Z] [runtime-status] [12030] Functions runtime initialized. {"cwd":"/Users/batt/PolyU/sec_project/functions","node_version":"16.13.1"} {"metadata":{"emulator":{"name":"functions"},"function":{"name":"us-central1-services"},"extension":{},"message":"[runtime-status] [12030] Functions runtime initialized. {\"cwd\":\"/Users/batt/PolyU/sec_project/functions\",\"node_version\":\"16.13.1\"}"}}
[debug] [2022-04-03T14:31:22.705Z] [runtime-status] [12030] Disabled runtime features: undefined {"metadata":{"emulator":{"name":"functions"},"function":{"name":"us-central1-services"},"extension":{},"message":"[runtime-status] [12030] Disabled runtime features: undefined"}}
[debug] [2022-04-03T14:31:22.708Z] [runtime-status] [12030] Resolved module firebase-admin {"declared":true,"installed":true,"version":"10.0.2","resolution":"/Users/batt/PolyU/sec_project/functions/node_modules/firebase-admin/lib/index.js"} {"metadata":{"emulator":{"name":"functions"},"function":{"name":"us-central1-services"},"extension":{},"message":"[runtime-status] [12030] Resolved module firebase-admin {\"declared\":true,\"installed\":true,\"version\":\"10.0.2\",\"resolution\":\"/Users/batt/PolyU/sec_project/functions/node_modules/firebase-admin/lib/index.js\"}"}}
[debug] [2022-04-03T14:31:22.709Z] [runtime-status] [12030] Resolved module firebase-functions {"declared":true,"installed":true,"version":"3.19.0","resolution":"/Users/batt/PolyU/sec_project/functions/node_modules/firebase-functions/lib/index.js"} {"metadata":{"emulator":{"name":"functions"},"function":{"name":"us-central1-services"},"extension":{},"message":"[runtime-status] [12030] Resolved module firebase-functions {\"declared\":true,\"installed\":true,\"version\":\"3.19.0\",\"resolution\":\"/Users/batt/PolyU/sec_project/functions/node_modules/firebase-functions/lib/index.js\"}"}}
[debug] [2022-04-03T14:31:22.710Z] [runtime-status] [12030] Outgoing network have been stubbed. [{"name":"http","status":"mocked"},{"name":"http","status":"mocked"},{"name":"https","status":"mocked"},{"name":"https","status":"mocked"},{"name":"net","status":"mocked"}] {"metadata":{"emulator":{"name":"functions"},"function":{"name":"us-central1-services"},"extension":{},"message":"[runtime-status] [12030] Outgoing network have been stubbed. [{\"name\":\"http\",\"status\":\"mocked\"},{\"name\":\"http\",\"status\":\"mocked\"},{\"name\":\"https\",\"status\":\"mocked\"},{\"name\":\"https\",\"status\":\"mocked\"},{\"name\":\"net\",\"status\":\"mocked\"}]"}}
[debug] [2022-04-03T14:31:22.710Z] [runtime-status] [12030] Resolved module firebase-functions {"declared":true,"installed":true,"version":"3.19.0","resolution":"/Users/batt/PolyU/sec_project/functions/node_modules/firebase-functions/lib/index.js"} {"metadata":{"emulator":{"name":"functions"},"function":{"name":"us-central1-services"},"extension":{},"message":"[runtime-status] [12030] Resolved module firebase-functions {\"declared\":true,\"installed\":true,\"version\":\"3.19.0\",\"resolution\":\"/Users/batt/PolyU/sec_project/functions/node_modules/firebase-functions/lib/index.js\"}"}}
[debug] [2022-04-03T14:31:22.748Z] [runtime-status] [12030] Checked functions.config() {"config":{}} {"metadata":{"emulator":{"name":"functions"},"function":{"name":"us-central1-services"},"extension":{},"message":"[runtime-status] [12030] Checked functions.config() {\"config\":{}}"}}
[debug] [2022-04-03T14:31:22.748Z] [runtime-status] [12030] firebase-functions has been stubbed. {"functionsResolution":{"declared":true,"installed":true,"version":"3.19.0","resolution":"/Users/batt/PolyU/sec_project/functions/node_modules/firebase-functions/lib/index.js"}} {"metadata":{"emulator":{"name":"functions"},"function":{"name":"us-central1-services"},"extension":{},"message":"[runtime-status] [12030] firebase-functions has been stubbed. {\"functionsResolution\":{\"declared\":true,\"installed\":true,\"version\":\"3.19.0\",\"resolution\":\"/Users/batt/PolyU/sec_project/functions/node_modules/firebase-functions/lib/index.js\"}}"}}
[debug] [2022-04-03T14:31:22.749Z] [runtime-status] [12030] Resolved module firebase-functions {"declared":true,"installed":true,"version":"3.19.0","resolution":"/Users/batt/PolyU/sec_project/functions/node_modules/firebase-functions/lib/index.js"} {"metadata":{"emulator":{"name":"functions"},"function":{"name":"us-central1-services"},"extension":{},"message":"[runtime-status] [12030] Resolved module firebase-functions {\"declared\":true,\"installed\":true,\"version\":\"3.19.0\",\"resolution\":\"/Users/batt/PolyU/sec_project/functions/node_modules/firebase-functions/lib/index.js\"}"}}
[debug] [2022-04-03T14:31:22.750Z] [runtime-status] [12030] Resolved module firebase-admin {"declared":true,"installed":true,"version":"10.0.2","resolution":"/Users/batt/PolyU/sec_project/functions/node_modules/firebase-admin/lib/index.js"} {"metadata":{"emulator":{"name":"functions"},"function":{"name":"us-central1-services"},"extension":{},"message":"[runtime-status] [12030] Resolved module firebase-admin {\"declared\":true,\"installed\":true,\"version\":\"10.0.2\",\"resolution\":\"/Users/batt/PolyU/sec_project/functions/node_modules/firebase-admin/lib/index.js\"}"}}
[debug] [2022-04-03T14:31:22.751Z] [runtime-status] [12030] Resolved module firebase-functions {"declared":true,"installed":true,"version":"3.19.0","resolution":"/Users/batt/PolyU/sec_project/functions/node_modules/firebase-functions/lib/index.js"} {"metadata":{"emulator":{"name":"functions"},"function":{"name":"us-central1-services"},"extension":{},"message":"[runtime-status] [12030] Resolved module firebase-functions {\"declared\":true,\"installed\":true,\"version\":\"3.19.0\",\"resolution\":\"/Users/batt/PolyU/sec_project/functions/node_modules/firebase-functions/lib/index.js\"}"}}
[debug] [2022-04-03T14:31:22.751Z] [runtime-status] [12030] firebase-admin has been stubbed. {"adminResolution":{"declared":true,"installed":true,"version":"10.0.2","resolution":"/Users/batt/PolyU/sec_project/functions/node_modules/firebase-admin/lib/index.js"}} {"metadata":{"emulator":{"name":"functions"},"function":{"name":"us-central1-services"},"extension":{},"message":"[runtime-status] [12030] firebase-admin has been stubbed. {\"adminResolution\":{\"declared\":true,\"installed\":true,\"version\":\"10.0.2\",\"resolution\":\"/Users/batt/PolyU/sec_project/functions/node_modules/firebase-admin/lib/index.js\"}}"}}
[debug] [2022-04-03T14:31:22.858Z] [runtime-status] [12030] Beginning invocation function services! {"metadata":{"emulator":{"name":"functions"},"function":{"name":"us-central1-services"},"extension":{},"message":"[runtime-status] [12030] Beginning invocation function services!"}}
[info] i  functions: Beginning execution of "services" {"metadata":{"emulator":{"name":"functions"},"function":{"name":"us-central1-services"},"extension":{},"message":"Beginning execution of \"services\""}}
[debug] [2022-04-03T14:31:22.859Z] [runtime-status] [12030] Running services in signature http {"metadata":{"emulator":{"name":"functions"},"function":{"name":"us-central1-services"},"extension":{},"message":"[runtime-status] [12030] Running services in signature http"}}
[debug] [2022-04-03T14:31:22.862Z] [runtime-status] [12030] Attempting to listen to socketPath: /var/folders/lf/hf91zfv57ls70_g2bm2md9040000gn/T/fire_emu_12030.sock {"metadata":{"emulator":{"name":"functions"},"function":{"name":"us-central1-services"},"extension":{},"message":"[runtime-status] [12030] Attempting to listen to socketPath: /var/folders/lf/hf91zfv57ls70_g2bm2md9040000gn/T/fire_emu_12030.sock"}}
[debug] [2022-04-03T14:31:22.867Z] [functions] Runtime ready! Sending request! {"metadata":{"emulator":{"name":"functions"},"message":"[functions] Runtime ready! Sending request!"}}
[debug] [2022-04-03T14:31:22.868Z] [functions] Got req.url=/security-ce24b/us-central1/services, mapping to path=/ {"metadata":{"emulator":{"name":"functions"},"message":"[functions] Got req.url=/security-ce24b/us-central1/services, mapping to path=/"}}
[debug] [2022-04-03T14:31:22.874Z] [runtime-status] [12030] Ephemeral server handling GET request {"metadata":{"emulator":{"name":"functions"},"function":{"name":"us-central1-services"},"extension":{},"message":"[runtime-status] [12030] Ephemeral server handling GET request"}}
[debug] [2022-04-03T14:31:22.883Z] [runtime-status] [12030] Ephemeral server survived. {"metadata":{"emulator":{"name":"functions"},"function":{"name":"us-central1-services"},"extension":{},"message":"[runtime-status] [12030] Ephemeral server survived."}}
[info] i  functions: Finished "services" in ~1s {"metadata":{"emulator":{"name":"functions"},"function":{"name":"us-central1-services"},"extension":{},"message":"Finished \"services\" in ~1s"}}
[debug] [2022-04-03T14:31:22.884Z] [worker-us-central1-services-b3cba73c-3efe-4e61-a3e3-de44de5e9fb5]: IDLE {"metadata":{"emulator":{"name":"functions"},"message":"[worker-us-central1-services-b3cba73c-3efe-4e61-a3e3-de44de5e9fb5]: IDLE"}}
[debug] [2022-04-03T14:31:22.885Z] [work-queue] {"queueLength":0,"workRunningCount":0}
[debug] [2022-04-03T14:31:35.020Z] File /Users/batt/PolyU/sec_project/functions/index.js changed, reloading triggers {"metadata":{"emulator":{"name":"functions"},"message":"File /Users/batt/PolyU/sec_project/functions/index.js changed, reloading triggers"}}
[debug] [2022-04-03T14:31:36.022Z] [worker-pool] Shutting down IDLE worker (us-central1-services) {"metadata":{"emulator":{"name":"functions"},"message":"[worker-pool] Shutting down IDLE worker (us-central1-services)"}}
[debug] [2022-04-03T14:31:36.022Z] [worker-us-central1-services-b3cba73c-3efe-4e61-a3e3-de44de5e9fb5]: FINISHING {"metadata":{"emulator":{"name":"functions"},"message":"[worker-us-central1-services-b3cba73c-3efe-4e61-a3e3-de44de5e9fb5]: FINISHING"}}
[debug] [2022-04-03T14:31:36.023Z] Validating nodejs source
[debug] [2022-04-03T14:31:37.658Z] > [functions] package.json contents: {
  "name": "stripe-backend",
  "version": "1.0.0",
  "description": "",
  "main": "index.js",
  "scripts": {
    "test": "echo \"Error: no test specified\" && exit 1"
  },
  "author": "",
  "license": "ISC",
  "dependencies": {
    "axios": "^0.26.1",
    "cors": "^2.8.5",
    "dotenv": "^8.2.0",
    "express": "^4.17.1",
    "firebase-admin": "^10.0.2",
    "firebase-functions": "^3.19.0",
    "stripe": "^8.214.0"
  }
}
[debug] [2022-04-03T14:31:37.659Z] Building nodejs source
[debug] [2022-04-03T14:31:37.659Z] Analyzing nodejs backend spec
[debug] [2022-04-03T14:31:37.670Z] [worker-us-central1-services-b3cba73c-3efe-4e61-a3e3-de44de5e9fb5]: exited {"metadata":{"emulator":{"name":"functions"},"message":"[worker-us-central1-services-b3cba73c-3efe-4e61-a3e3-de44de5e9fb5]: exited"}}
[debug] [2022-04-03T14:31:37.670Z] [worker-us-central1-services-b3cba73c-3efe-4e61-a3e3-de44de5e9fb5]: FINISHED {"metadata":{"emulator":{"name":"functions"},"message":"[worker-us-central1-services-b3cba73c-3efe-4e61-a3e3-de44de5e9fb5]: FINISHED"}}
[debug] [2022-04-03T14:31:37.671Z] [work-queue] {"queueLength":1,"workRunningCount":0}
[debug] [2022-04-03T14:31:37.671Z] [work-queue] {"queueLength":0,"workRunningCount":1}
[debug] [2022-04-03T14:31:37.671Z] Accepted request GET /security-ce24b/us-central1/services --> us-central1-services
[debug] [2022-04-03T14:31:37.672Z] [worker-pool] Cleaned up workers for us-central1-services: 1 --> 0 {"metadata":{"emulator":{"name":"functions"},"message":"[worker-pool] Cleaned up workers for us-central1-services: 1 --> 0"}}
[info] i  functions: Loaded environment variables from .env. 
[debug] [2022-04-03T14:31:37.678Z] [worker-pool] addWorker(us-central1-services) {"metadata":{"emulator":{"name":"functions"},"message":"[worker-pool] addWorker(us-central1-services)"}}
[debug] [2022-04-03T14:31:37.679Z] [worker-pool] Adding worker with key us-central1-services, total=1 {"metadata":{"emulator":{"name":"functions"},"message":"[worker-pool] Adding worker with key us-central1-services, total=1"}}
[debug] [2022-04-03T14:31:37.679Z] [worker-pool] submitWork(triggerId=us-central1-services) {"metadata":{"emulator":{"name":"functions"},"message":"[worker-pool] submitWork(triggerId=us-central1-services)"}}
[debug] [2022-04-03T14:31:37.679Z] [worker-us-central1-services-a42b8674-ec73-47b9-a1fb-db478509004c]: Assigning socketPath: /var/folders/lf/hf91zfv57ls70_g2bm2md9040000gn/T/fire_emu_12037.sock {"metadata":{"emulator":{"name":"functions"},"message":"[worker-us-central1-services-a42b8674-ec73-47b9-a1fb-db478509004c]: Assigning socketPath: /var/folders/lf/hf91zfv57ls70_g2bm2md9040000gn/T/fire_emu_12037.sock"}}
[debug] [2022-04-03T14:31:37.679Z] [worker-us-central1-services-a42b8674-ec73-47b9-a1fb-db478509004c]: BUSY {"metadata":{"emulator":{"name":"functions"},"message":"[worker-us-central1-services-a42b8674-ec73-47b9-a1fb-db478509004c]: BUSY"}}
[debug] [2022-04-03T14:31:38.687Z] [runtime-status] [12037] Functions runtime initialized. {"cwd":"/Users/batt/PolyU/sec_project/functions","node_version":"16.13.1"} {"metadata":{"emulator":{"name":"functions"},"function":{"name":"us-central1-services"},"extension":{},"message":"[runtime-status] [12037] Functions runtime initialized. {\"cwd\":\"/Users/batt/PolyU/sec_project/functions\",\"node_version\":\"16.13.1\"}"}}
[debug] [2022-04-03T14:31:38.692Z] [runtime-status] [12037] Disabled runtime features: undefined {"metadata":{"emulator":{"name":"functions"},"function":{"name":"us-central1-services"},"extension":{},"message":"[runtime-status] [12037] Disabled runtime features: undefined"}}
[debug] [2022-04-03T14:31:38.694Z] [runtime-status] [12037] Resolved module firebase-admin {"declared":true,"installed":true,"version":"10.0.2","resolution":"/Users/batt/PolyU/sec_project/functions/node_modules/firebase-admin/lib/index.js"} {"metadata":{"emulator":{"name":"functions"},"function":{"name":"us-central1-services"},"extension":{},"message":"[runtime-status] [12037] Resolved module firebase-admin {\"declared\":true,\"installed\":true,\"version\":\"10.0.2\",\"resolution\":\"/Users/batt/PolyU/sec_project/functions/node_modules/firebase-admin/lib/index.js\"}"}}
[debug] [2022-04-03T14:31:38.695Z] [runtime-status] [12037] Resolved module firebase-functions {"declared":true,"installed":true,"version":"3.19.0","resolution":"/Users/batt/PolyU/sec_project/functions/node_modules/firebase-functions/lib/index.js"} {"metadata":{"emulator":{"name":"functions"},"function":{"name":"us-central1-services"},"extension":{},"message":"[runtime-status] [12037] Resolved module firebase-functions {\"declared\":true,\"installed\":true,\"version\":\"3.19.0\",\"resolution\":\"/Users/batt/PolyU/sec_project/functions/node_modules/firebase-functions/lib/index.js\"}"}}
[debug] [2022-04-03T14:31:38.696Z] [runtime-status] [12037] Outgoing network have been stubbed. [{"name":"http","status":"mocked"},{"name":"http","status":"mocked"},{"name":"https","status":"mocked"},{"name":"https","status":"mocked"},{"name":"net","status":"mocked"}] {"metadata":{"emulator":{"name":"functions"},"function":{"name":"us-central1-services"},"extension":{},"message":"[runtime-status] [12037] Outgoing network have been stubbed. [{\"name\":\"http\",\"status\":\"mocked\"},{\"name\":\"http\",\"status\":\"mocked\"},{\"name\":\"https\",\"status\":\"mocked\"},{\"name\":\"https\",\"status\":\"mocked\"},{\"name\":\"net\",\"status\":\"mocked\"}]"}}
[debug] [2022-04-03T14:31:38.696Z] [runtime-status] [12037] Resolved module firebase-functions {"declared":true,"installed":true,"version":"3.19.0","resolution":"/Users/batt/PolyU/sec_project/functions/node_modules/firebase-functions/lib/index.js"} {"metadata":{"emulator":{"name":"functions"},"function":{"name":"us-central1-services"},"extension":{},"message":"[runtime-status] [12037] Resolved module firebase-functions {\"declared\":true,\"installed\":true,\"version\":\"3.19.0\",\"resolution\":\"/Users/batt/PolyU/sec_project/functions/node_modules/firebase-functions/lib/index.js\"}"}}
[debug] [2022-04-03T14:31:38.731Z] [runtime-status] [12037] Checked functions.config() {"config":{}} {"metadata":{"emulator":{"name":"functions"},"function":{"name":"us-central1-services"},"extension":{},"message":"[runtime-status] [12037] Checked functions.config() {\"config\":{}}"}}
[debug] [2022-04-03T14:31:38.732Z] [runtime-status] [12037] firebase-functions has been stubbed. {"functionsResolution":{"declared":true,"installed":true,"version":"3.19.0","resolution":"/Users/batt/PolyU/sec_project/functions/node_modules/firebase-functions/lib/index.js"}} {"metadata":{"emulator":{"name":"functions"},"function":{"name":"us-central1-services"},"extension":{},"message":"[runtime-status] [12037] firebase-functions has been stubbed. {\"functionsResolution\":{\"declared\":true,\"installed\":true,\"version\":\"3.19.0\",\"resolution\":\"/Users/batt/PolyU/sec_project/functions/node_modules/firebase-functions/lib/index.js\"}}"}}
[debug] [2022-04-03T14:31:38.732Z] [runtime-status] [12037] Resolved module firebase-functions {"declared":true,"installed":true,"version":"3.19.0","resolution":"/Users/batt/PolyU/sec_project/functions/node_modules/firebase-functions/lib/index.js"} {"metadata":{"emulator":{"name":"functions"},"function":{"name":"us-central1-services"},"extension":{},"message":"[runtime-status] [12037] Resolved module firebase-functions {\"declared\":true,\"installed\":true,\"version\":\"3.19.0\",\"resolution\":\"/Users/batt/PolyU/sec_project/functions/node_modules/firebase-functions/lib/index.js\"}"}}
[debug] [2022-04-03T14:31:38.733Z] [runtime-status] [12037] Resolved module firebase-admin {"declared":true,"installed":true,"version":"10.0.2","resolution":"/Users/batt/PolyU/sec_project/functions/node_modules/firebase-admin/lib/index.js"} {"metadata":{"emulator":{"name":"functions"},"function":{"name":"us-central1-services"},"extension":{},"message":"[runtime-status] [12037] Resolved module firebase-admin {\"declared\":true,\"installed\":true,\"version\":\"10.0.2\",\"resolution\":\"/Users/batt/PolyU/sec_project/functions/node_modules/firebase-admin/lib/index.js\"}"}}
[debug] [2022-04-03T14:31:38.734Z] [runtime-status] [12037] Resolved module firebase-functions {"declared":true,"installed":true,"version":"3.19.0","resolution":"/Users/batt/PolyU/sec_project/functions/node_modules/firebase-functions/lib/index.js"} {"metadata":{"emulator":{"name":"functions"},"function":{"name":"us-central1-services"},"extension":{},"message":"[runtime-status] [12037] Resolved module firebase-functions {\"declared\":true,\"installed\":true,\"version\":\"3.19.0\",\"resolution\":\"/Users/batt/PolyU/sec_project/functions/node_modules/firebase-functions/lib/index.js\"}"}}
[debug] [2022-04-03T14:31:38.734Z] [runtime-status] [12037] firebase-admin has been stubbed. {"adminResolution":{"declared":true,"installed":true,"version":"10.0.2","resolution":"/Users/batt/PolyU/sec_project/functions/node_modules/firebase-admin/lib/index.js"}} {"metadata":{"emulator":{"name":"functions"},"function":{"name":"us-central1-services"},"extension":{},"message":"[runtime-status] [12037] firebase-admin has been stubbed. {\"adminResolution\":{\"declared\":true,\"installed\":true,\"version\":\"10.0.2\",\"resolution\":\"/Users/batt/PolyU/sec_project/functions/node_modules/firebase-admin/lib/index.js\"}}"}}
[debug] [2022-04-03T14:31:38.837Z] [runtime-status] [12037] Beginning invocation function services! {"metadata":{"emulator":{"name":"functions"},"function":{"name":"us-central1-services"},"extension":{},"message":"[runtime-status] [12037] Beginning invocation function services!"}}
[info] i  functions: Beginning execution of "services" {"metadata":{"emulator":{"name":"functions"},"function":{"name":"us-central1-services"},"extension":{},"message":"Beginning execution of \"services\""}}
[debug] [2022-04-03T14:31:38.838Z] [runtime-status] [12037] Running services in signature http {"metadata":{"emulator":{"name":"functions"},"function":{"name":"us-central1-services"},"extension":{},"message":"[runtime-status] [12037] Running services in signature http"}}
[debug] [2022-04-03T14:31:38.841Z] [runtime-status] [12037] Attempting to listen to socketPath: /var/folders/lf/hf91zfv57ls70_g2bm2md9040000gn/T/fire_emu_12037.sock {"metadata":{"emulator":{"name":"functions"},"function":{"name":"us-central1-services"},"extension":{},"message":"[runtime-status] [12037] Attempting to listen to socketPath: /var/folders/lf/hf91zfv57ls70_g2bm2md9040000gn/T/fire_emu_12037.sock"}}
[debug] [2022-04-03T14:31:38.845Z] [functions] Runtime ready! Sending request! {"metadata":{"emulator":{"name":"functions"},"message":"[functions] Runtime ready! Sending request!"}}
[debug] [2022-04-03T14:31:38.846Z] [functions] Got req.url=/security-ce24b/us-central1/services, mapping to path=/ {"metadata":{"emulator":{"name":"functions"},"message":"[functions] Got req.url=/security-ce24b/us-central1/services, mapping to path=/"}}
[debug] [2022-04-03T14:31:38.851Z] [runtime-status] [12037] Ephemeral server handling GET request {"metadata":{"emulator":{"name":"functions"},"function":{"name":"us-central1-services"},"extension":{},"message":"[runtime-status] [12037] Ephemeral server handling GET request"}}
[debug] [2022-04-03T14:31:38.859Z] [runtime-status] [12037] Ephemeral server survived. {"metadata":{"emulator":{"name":"functions"},"function":{"name":"us-central1-services"},"extension":{},"message":"[runtime-status] [12037] Ephemeral server survived."}}
[info] i  functions: Finished "services" in ~1s {"metadata":{"emulator":{"name":"functions"},"function":{"name":"us-central1-services"},"extension":{},"message":"Finished \"services\" in ~1s"}}
[debug] [2022-04-03T14:31:38.861Z] [worker-us-central1-services-a42b8674-ec73-47b9-a1fb-db478509004c]: IDLE {"metadata":{"emulator":{"name":"functions"},"message":"[worker-us-central1-services-a42b8674-ec73-47b9-a1fb-db478509004c]: IDLE"}}
[debug] [2022-04-03T14:31:38.861Z] [work-queue] {"queueLength":0,"workRunningCount":0}
[debug] [2022-04-03T14:31:46.539Z] File /Users/batt/PolyU/sec_project/functions/index.js changed, reloading triggers {"metadata":{"emulator":{"name":"functions"},"message":"File /Users/batt/PolyU/sec_project/functions/index.js changed, reloading triggers"}}
[debug] [2022-04-03T14:31:46.640Z] File /Users/batt/PolyU/sec_project/functions/index.js changed, reloading triggers {"metadata":{"emulator":{"name":"functions"},"message":"File /Users/batt/PolyU/sec_project/functions/index.js changed, reloading triggers"}}
[debug] [2022-04-03T14:31:47.641Z] [worker-pool] Shutting down IDLE worker (us-central1-services) {"metadata":{"emulator":{"name":"functions"},"message":"[worker-pool] Shutting down IDLE worker (us-central1-services)"}}
[debug] [2022-04-03T14:31:47.641Z] [worker-us-central1-services-a42b8674-ec73-47b9-a1fb-db478509004c]: FINISHING {"metadata":{"emulator":{"name":"functions"},"message":"[worker-us-central1-services-a42b8674-ec73-47b9-a1fb-db478509004c]: FINISHING"}}
[debug] [2022-04-03T14:31:47.642Z] Validating nodejs source
[debug] [2022-04-03T14:31:49.202Z] > [functions] package.json contents: {
  "name": "stripe-backend",
  "version": "1.0.0",
  "description": "",
  "main": "index.js",
  "scripts": {
    "test": "echo \"Error: no test specified\" && exit 1"
  },
  "author": "",
  "license": "ISC",
  "dependencies": {
    "axios": "^0.26.1",
    "cors": "^2.8.5",
    "dotenv": "^8.2.0",
    "express": "^4.17.1",
    "firebase-admin": "^10.0.2",
    "firebase-functions": "^3.19.0",
    "stripe": "^8.214.0"
  }
}
[debug] [2022-04-03T14:31:49.203Z] Building nodejs source
[debug] [2022-04-03T14:31:49.203Z] Analyzing nodejs backend spec
[debug] [2022-04-03T14:31:49.211Z] [worker-us-central1-services-a42b8674-ec73-47b9-a1fb-db478509004c]: exited {"metadata":{"emulator":{"name":"functions"},"message":"[worker-us-central1-services-a42b8674-ec73-47b9-a1fb-db478509004c]: exited"}}
[debug] [2022-04-03T14:31:49.212Z] [worker-us-central1-services-a42b8674-ec73-47b9-a1fb-db478509004c]: FINISHED {"metadata":{"emulator":{"name":"functions"},"message":"[worker-us-central1-services-a42b8674-ec73-47b9-a1fb-db478509004c]: FINISHED"}}
[debug] [2022-04-03T14:31:51.987Z] File /Users/batt/PolyU/sec_project/functions/index.js changed, reloading triggers {"metadata":{"emulator":{"name":"functions"},"message":"File /Users/batt/PolyU/sec_project/functions/index.js changed, reloading triggers"}}
[debug] [2022-04-03T14:31:52.752Z] File /Users/batt/PolyU/sec_project/functions/index.js changed, reloading triggers {"metadata":{"emulator":{"name":"functions"},"message":"File /Users/batt/PolyU/sec_project/functions/index.js changed, reloading triggers"}}
[debug] [2022-04-03T14:31:53.753Z] Validating nodejs source
[debug] [2022-04-03T14:31:55.233Z] > [functions] package.json contents: {
  "name": "stripe-backend",
  "version": "1.0.0",
  "description": "",
  "main": "index.js",
  "scripts": {
    "test": "echo \"Error: no test specified\" && exit 1"
  },
  "author": "",
  "license": "ISC",
  "dependencies": {
    "axios": "^0.26.1",
    "cors": "^2.8.5",
    "dotenv": "^8.2.0",
    "express": "^4.17.1",
    "firebase-admin": "^10.0.2",
    "firebase-functions": "^3.19.0",
    "stripe": "^8.214.0"
  }
}
[debug] [2022-04-03T14:31:55.234Z] Building nodejs source
[debug] [2022-04-03T14:31:55.235Z] Analyzing nodejs backend spec
[debug] [2022-04-03T14:31:55.241Z] File /Users/batt/PolyU/sec_project/functions/index.js changed, reloading triggers {"metadata":{"emulator":{"name":"functions"},"message":"File /Users/batt/PolyU/sec_project/functions/index.js changed, reloading triggers"}}
[debug] [2022-04-03T14:31:56.244Z] Validating nodejs source
[debug] [2022-04-03T14:31:57.582Z] > [functions] package.json contents: {
  "name": "stripe-backend",
  "version": "1.0.0",
  "description": "",
  "main": "index.js",
  "scripts": {
    "test": "echo \"Error: no test specified\" && exit 1"
  },
  "author": "",
  "license": "ISC",
  "dependencies": {
    "axios": "^0.26.1",
    "cors": "^2.8.5",
    "dotenv": "^8.2.0",
    "express": "^4.17.1",
    "firebase-admin": "^10.0.2",
    "firebase-functions": "^3.19.0",
    "stripe": "^8.214.0"
  }
}
[debug] [2022-04-03T14:31:57.583Z] Building nodejs source
[debug] [2022-04-03T14:31:57.583Z] Analyzing nodejs backend spec
[debug] [2022-04-03T14:34:32.943Z] [work-queue] {"queueLength":1,"workRunningCount":0}
[debug] [2022-04-03T14:34:32.943Z] [work-queue] {"queueLength":0,"workRunningCount":1}
[debug] [2022-04-03T14:34:32.943Z] Accepted request POST /security-ce24b/us-central1/services/payment?total=10000 --> us-central1-services
[debug] [2022-04-03T14:34:32.944Z] [worker-pool] Cleaned up workers for us-central1-services: 1 --> 0 {"metadata":{"emulator":{"name":"functions"},"message":"[worker-pool] Cleaned up workers for us-central1-services: 1 --> 0"}}
[info] i  functions: Loaded environment variables from .env. 
[debug] [2022-04-03T14:34:32.952Z] [worker-pool] addWorker(us-central1-services) {"metadata":{"emulator":{"name":"functions"},"message":"[worker-pool] addWorker(us-central1-services)"}}
[debug] [2022-04-03T14:34:32.952Z] [worker-pool] Adding worker with key us-central1-services, total=1 {"metadata":{"emulator":{"name":"functions"},"message":"[worker-pool] Adding worker with key us-central1-services, total=1"}}
[debug] [2022-04-03T14:34:32.953Z] [worker-pool] submitWork(triggerId=us-central1-services) {"metadata":{"emulator":{"name":"functions"},"message":"[worker-pool] submitWork(triggerId=us-central1-services)"}}
[debug] [2022-04-03T14:34:32.953Z] [worker-us-central1-services-5eb9dc83-9245-4767-9662-d99ed06cafda]: Assigning socketPath: /var/folders/lf/hf91zfv57ls70_g2bm2md9040000gn/T/fire_emu_12090.sock {"metadata":{"emulator":{"name":"functions"},"message":"[worker-us-central1-services-5eb9dc83-9245-4767-9662-d99ed06cafda]: Assigning socketPath: /var/folders/lf/hf91zfv57ls70_g2bm2md9040000gn/T/fire_emu_12090.sock"}}
[debug] [2022-04-03T14:34:32.953Z] [worker-us-central1-services-5eb9dc83-9245-4767-9662-d99ed06cafda]: BUSY {"metadata":{"emulator":{"name":"functions"},"message":"[worker-us-central1-services-5eb9dc83-9245-4767-9662-d99ed06cafda]: BUSY"}}
[debug] [2022-04-03T14:34:34.758Z] [runtime-status] [12090] Functions runtime initialized. {"cwd":"/Users/batt/PolyU/sec_project/functions","node_version":"16.13.1"} {"metadata":{"emulator":{"name":"functions"},"function":{"name":"us-central1-services"},"extension":{},"message":"[runtime-status] [12090] Functions runtime initialized. {\"cwd\":\"/Users/batt/PolyU/sec_project/functions\",\"node_version\":\"16.13.1\"}"}}
[debug] [2022-04-03T14:34:34.762Z] [runtime-status] [12090] Disabled runtime features: undefined {"metadata":{"emulator":{"name":"functions"},"function":{"name":"us-central1-services"},"extension":{},"message":"[runtime-status] [12090] Disabled runtime features: undefined"}}
[debug] [2022-04-03T14:34:34.766Z] [runtime-status] [12090] Resolved module firebase-admin {"declared":true,"installed":true,"version":"10.0.2","resolution":"/Users/batt/PolyU/sec_project/functions/node_modules/firebase-admin/lib/index.js"} {"metadata":{"emulator":{"name":"functions"},"function":{"name":"us-central1-services"},"extension":{},"message":"[runtime-status] [12090] Resolved module firebase-admin {\"declared\":true,\"installed\":true,\"version\":\"10.0.2\",\"resolution\":\"/Users/batt/PolyU/sec_project/functions/node_modules/firebase-admin/lib/index.js\"}"}}
[debug] [2022-04-03T14:34:34.767Z] [runtime-status] [12090] Resolved module firebase-functions {"declared":true,"installed":true,"version":"3.19.0","resolution":"/Users/batt/PolyU/sec_project/functions/node_modules/firebase-functions/lib/index.js"} {"metadata":{"emulator":{"name":"functions"},"function":{"name":"us-central1-services"},"extension":{},"message":"[runtime-status] [12090] Resolved module firebase-functions {\"declared\":true,\"installed\":true,\"version\":\"3.19.0\",\"resolution\":\"/Users/batt/PolyU/sec_project/functions/node_modules/firebase-functions/lib/index.js\"}"}}
[debug] [2022-04-03T14:34:34.768Z] [runtime-status] [12090] Outgoing network have been stubbed. [{"name":"http","status":"mocked"},{"name":"http","status":"mocked"},{"name":"https","status":"mocked"},{"name":"https","status":"mocked"},{"name":"net","status":"mocked"}] {"metadata":{"emulator":{"name":"functions"},"function":{"name":"us-central1-services"},"extension":{},"message":"[runtime-status] [12090] Outgoing network have been stubbed. [{\"name\":\"http\",\"status\":\"mocked\"},{\"name\":\"http\",\"status\":\"mocked\"},{\"name\":\"https\",\"status\":\"mocked\"},{\"name\":\"https\",\"status\":\"mocked\"},{\"name\":\"net\",\"status\":\"mocked\"}]"}}
[debug] [2022-04-03T14:34:34.768Z] [runtime-status] [12090] Resolved module firebase-functions {"declared":true,"installed":true,"version":"3.19.0","resolution":"/Users/batt/PolyU/sec_project/functions/node_modules/firebase-functions/lib/index.js"} {"metadata":{"emulator":{"name":"functions"},"function":{"name":"us-central1-services"},"extension":{},"message":"[runtime-status] [12090] Resolved module firebase-functions {\"declared\":true,\"installed\":true,\"version\":\"3.19.0\",\"resolution\":\"/Users/batt/PolyU/sec_project/functions/node_modules/firebase-functions/lib/index.js\"}"}}
[debug] [2022-04-03T14:34:34.838Z] [runtime-status] [12090] Checked functions.config() {"config":{}} {"metadata":{"emulator":{"name":"functions"},"function":{"name":"us-central1-services"},"extension":{},"message":"[runtime-status] [12090] Checked functions.config() {\"config\":{}}"}}
[debug] [2022-04-03T14:34:34.838Z] [runtime-status] [12090] firebase-functions has been stubbed. {"functionsResolution":{"declared":true,"installed":true,"version":"3.19.0","resolution":"/Users/batt/PolyU/sec_project/functions/node_modules/firebase-functions/lib/index.js"}} {"metadata":{"emulator":{"name":"functions"},"function":{"name":"us-central1-services"},"extension":{},"message":"[runtime-status] [12090] firebase-functions has been stubbed. {\"functionsResolution\":{\"declared\":true,\"installed\":true,\"version\":\"3.19.0\",\"resolution\":\"/Users/batt/PolyU/sec_project/functions/node_modules/firebase-functions/lib/index.js\"}}"}}
[debug] [2022-04-03T14:34:34.839Z] [runtime-status] [12090] Resolved module firebase-functions {"declared":true,"installed":true,"version":"3.19.0","resolution":"/Users/batt/PolyU/sec_project/functions/node_modules/firebase-functions/lib/index.js"} {"metadata":{"emulator":{"name":"functions"},"function":{"name":"us-central1-services"},"extension":{},"message":"[runtime-status] [12090] Resolved module firebase-functions {\"declared\":true,\"installed\":true,\"version\":\"3.19.0\",\"resolution\":\"/Users/batt/PolyU/sec_project/functions/node_modules/firebase-functions/lib/index.js\"}"}}
[debug] [2022-04-03T14:34:34.840Z] [runtime-status] [12090] Resolved module firebase-admin {"declared":true,"installed":true,"version":"10.0.2","resolution":"/Users/batt/PolyU/sec_project/functions/node_modules/firebase-admin/lib/index.js"} {"metadata":{"emulator":{"name":"functions"},"function":{"name":"us-central1-services"},"extension":{},"message":"[runtime-status] [12090] Resolved module firebase-admin {\"declared\":true,\"installed\":true,\"version\":\"10.0.2\",\"resolution\":\"/Users/batt/PolyU/sec_project/functions/node_modules/firebase-admin/lib/index.js\"}"}}
[debug] [2022-04-03T14:34:34.841Z] [runtime-status] [12090] Resolved module firebase-functions {"declared":true,"installed":true,"version":"3.19.0","resolution":"/Users/batt/PolyU/sec_project/functions/node_modules/firebase-functions/lib/index.js"} {"metadata":{"emulator":{"name":"functions"},"function":{"name":"us-central1-services"},"extension":{},"message":"[runtime-status] [12090] Resolved module firebase-functions {\"declared\":true,\"installed\":true,\"version\":\"3.19.0\",\"resolution\":\"/Users/batt/PolyU/sec_project/functions/node_modules/firebase-functions/lib/index.js\"}"}}
[debug] [2022-04-03T14:34:34.841Z] [runtime-status] [12090] firebase-admin has been stubbed. {"adminResolution":{"declared":true,"installed":true,"version":"10.0.2","resolution":"/Users/batt/PolyU/sec_project/functions/node_modules/firebase-admin/lib/index.js"}} {"metadata":{"emulator":{"name":"functions"},"function":{"name":"us-central1-services"},"extension":{},"message":"[runtime-status] [12090] firebase-admin has been stubbed. {\"adminResolution\":{\"declared\":true,\"installed\":true,\"version\":\"10.0.2\",\"resolution\":\"/Users/batt/PolyU/sec_project/functions/node_modules/firebase-admin/lib/index.js\"}}"}}
[debug] [2022-04-03T14:34:35.056Z] [runtime-status] [12090] Beginning invocation function services! {"metadata":{"emulator":{"name":"functions"},"function":{"name":"us-central1-services"},"extension":{},"message":"[runtime-status] [12090] Beginning invocation function services!"}}
[info] i  functions: Beginning execution of "services" {"metadata":{"emulator":{"name":"functions"},"function":{"name":"us-central1-services"},"extension":{},"message":"Beginning execution of \"services\""}}
[debug] [2022-04-03T14:34:35.057Z] [runtime-status] [12090] Running services in signature http {"metadata":{"emulator":{"name":"functions"},"function":{"name":"us-central1-services"},"extension":{},"message":"[runtime-status] [12090] Running services in signature http"}}
[debug] [2022-04-03T14:34:35.060Z] [runtime-status] [12090] Attempting to listen to socketPath: /var/folders/lf/hf91zfv57ls70_g2bm2md9040000gn/T/fire_emu_12090.sock {"metadata":{"emulator":{"name":"functions"},"function":{"name":"us-central1-services"},"extension":{},"message":"[runtime-status] [12090] Attempting to listen to socketPath: /var/folders/lf/hf91zfv57ls70_g2bm2md9040000gn/T/fire_emu_12090.sock"}}
[debug] [2022-04-03T14:34:35.066Z] [functions] Runtime ready! Sending request! {"metadata":{"emulator":{"name":"functions"},"message":"[functions] Runtime ready! Sending request!"}}
[debug] [2022-04-03T14:34:35.069Z] [functions] Got req.url=/security-ce24b/us-central1/services/payment?total=10000, mapping to path=/payment?total=10000 {"metadata":{"emulator":{"name":"functions"},"message":"[functions] Got req.url=/security-ce24b/us-central1/services/payment?total=10000, mapping to path=/payment?total=10000"}}
[debug] [2022-04-03T14:34:35.080Z] [runtime-status] [12090] Ephemeral server handling POST request {"metadata":{"emulator":{"name":"functions"},"function":{"name":"us-central1-services"},"extension":{},"message":"[runtime-status] [12090] Ephemeral server handling POST request"}}
[debug] [2022-04-03T14:34:35.095Z] [runtime-status] [12090] Ephemeral server survived. {"metadata":{"emulator":{"name":"functions"},"function":{"name":"us-central1-services"},"extension":{},"message":"[runtime-status] [12090] Ephemeral server survived."}}
[info] i  functions: Finished "services" in ~1s {"metadata":{"emulator":{"name":"functions"},"function":{"name":"us-central1-services"},"extension":{},"message":"Finished \"services\" in ~1s"}}
[debug] [2022-04-03T14:34:35.649Z] [worker-us-central1-services-5eb9dc83-9245-4767-9662-d99ed06cafda]: IDLE {"metadata":{"emulator":{"name":"functions"},"message":"[worker-us-central1-services-5eb9dc83-9245-4767-9662-d99ed06cafda]: IDLE"}}
[debug] [2022-04-03T14:34:35.649Z] [work-queue] {"queueLength":0,"workRunningCount":0}
[debug] [2022-04-03T14:34:52.686Z] [work-queue] {"queueLength":1,"workRunningCount":0}
[debug] [2022-04-03T14:34:52.686Z] [work-queue] {"queueLength":0,"workRunningCount":1}
[debug] [2022-04-03T14:34:52.686Z] Accepted request POST /security-ce24b/us-central1/services/verify?token=03AGdBq26qliV_LOncG090pwlNXlUNKD0I421ZFLBuCCkgS9X_JL3wyrW2HrlnECjw9wo42zxIIYsPye6MFbWG-ayKCDbGzZkFXMTNzAm2D8LGHki77na10DtAugCp-BP4mTK2J_hlK2SzqAnD4sfmLhcPik_SE4uQCJfMD0tNF7_cgzoD_7muLQj4AodfGo5mfBhztqqrlb8z2XKbIImInthRRo63uHzsdjtqzHKy9r3wXOTzTeOYheb_Dpc4q1BxVR41ysII9iEat4rjczZ2056cvjRnkPMhx9FpR9lcC3L3GZ5gAzmL45CgM0EJDh2hxv6xgY8NnJ9Tlcj9NvEYKmlp8sViapou0pVVjFcyi3VbEF0AfMdcwR1UCoD5blbHWBOhJh-bz3r_Tl4FE5j4Qwxk1ETjEVfix-pr15puMpc8Ft4Fi5Xxq9k82TutG77gqRA_oXqsUTNCXSR-_Ic8nABzL_mDcsyI7A --> us-central1-services
[debug] [2022-04-03T14:34:52.686Z] [worker-pool] submitWork(triggerId=us-central1-services) {"metadata":{"emulator":{"name":"functions"},"message":"[worker-pool] submitWork(triggerId=us-central1-services)"}}
[debug] [2022-04-03T14:34:52.687Z] [worker-us-central1-services-5eb9dc83-9245-4767-9662-d99ed06cafda]: Assigning socketPath: /var/folders/lf/hf91zfv57ls70_g2bm2md9040000gn/T/fire_emu_12090.sock {"metadata":{"emulator":{"name":"functions"},"message":"[worker-us-central1-services-5eb9dc83-9245-4767-9662-d99ed06cafda]: Assigning socketPath: /var/folders/lf/hf91zfv57ls70_g2bm2md9040000gn/T/fire_emu_12090.sock"}}
[debug] [2022-04-03T14:34:52.687Z] [worker-us-central1-services-5eb9dc83-9245-4767-9662-d99ed06cafda]: BUSY {"metadata":{"emulator":{"name":"functions"},"message":"[worker-us-central1-services-5eb9dc83-9245-4767-9662-d99ed06cafda]: BUSY"}}
[debug] [2022-04-03T14:34:52.687Z] [runtime-status] [12090] Beginning invocation function services! {"metadata":{"emulator":{"name":"functions"},"function":{"name":"us-central1-services"},"extension":{},"message":"[runtime-status] [12090] Beginning invocation function services!"}}
[info] i  functions: Beginning execution of "services" {"metadata":{"emulator":{"name":"functions"},"function":{"name":"us-central1-services"},"extension":{},"message":"Beginning execution of \"services\""}}
[debug] [2022-04-03T14:34:52.688Z] [runtime-status] [12090] Running services in signature http {"metadata":{"emulator":{"name":"functions"},"function":{"name":"us-central1-services"},"extension":{},"message":"[runtime-status] [12090] Running services in signature http"}}
[debug] [2022-04-03T14:34:52.689Z] [runtime-status] [12090] Attempting to listen to socketPath: /var/folders/lf/hf91zfv57ls70_g2bm2md9040000gn/T/fire_emu_12090.sock {"metadata":{"emulator":{"name":"functions"},"function":{"name":"us-central1-services"},"extension":{},"message":"[runtime-status] [12090] Attempting to listen to socketPath: /var/folders/lf/hf91zfv57ls70_g2bm2md9040000gn/T/fire_emu_12090.sock"}}
[debug] [2022-04-03T14:34:52.692Z] [functions] Runtime ready! Sending request! {"metadata":{"emulator":{"name":"functions"},"message":"[functions] Runtime ready! Sending request!"}}
[debug] [2022-04-03T14:34:52.692Z] [functions] Got req.url=/security-ce24b/us-central1/services/verify?token=03AGdBq26qliV_LOncG090pwlNXlUNKD0I421ZFLBuCCkgS9X_JL3wyrW2HrlnECjw9wo42zxIIYsPye6MFbWG-ayKCDbGzZkFXMTNzAm2D8LGHki77na10DtAugCp-BP4mTK2J_hlK2SzqAnD4sfmLhcPik_SE4uQCJfMD0tNF7_cgzoD_7muLQj4AodfGo5mfBhztqqrlb8z2XKbIImInthRRo63uHzsdjtqzHKy9r3wXOTzTeOYheb_Dpc4q1BxVR41ysII9iEat4rjczZ2056cvjRnkPMhx9FpR9lcC3L3GZ5gAzmL45CgM0EJDh2hxv6xgY8NnJ9Tlcj9NvEYKmlp8sViapou0pVVjFcyi3VbEF0AfMdcwR1UCoD5blbHWBOhJh-bz3r_Tl4FE5j4Qwxk1ETjEVfix-pr15puMpc8Ft4Fi5Xxq9k82TutG77gqRA_oXqsUTNCXSR-_Ic8nABzL_mDcsyI7A, mapping to path=/verify?token=03AGdBq26qliV_LOncG090pwlNXlUNKD0I421ZFLBuCCkgS9X_JL3wyrW2HrlnECjw9wo42zxIIYsPye6MFbWG-ayKCDbGzZkFXMTNzAm2D8LGHki77na10DtAugCp-BP4mTK2J_hlK2SzqAnD4sfmLhcPik_SE4uQCJfMD0tNF7_cgzoD_7muLQj4AodfGo5mfBhztqqrlb8z2XKbIImInthRRo63uHzsdjtqzHKy9r3wXOTzTeOYheb_Dpc4q1BxVR41ysII9iEat4rjczZ2056cvjRnkPMhx9FpR9lcC3L3GZ5gAzmL45CgM0EJDh2hxv6xgY8NnJ9Tlcj9NvEYKmlp8sViapou0pVVjFcyi3VbEF0AfMdcwR1UCoD5blbHWBOhJh-bz3r_Tl4FE5j4Qwxk1ETjEVfix-pr15puMpc8Ft4Fi5Xxq9k82TutG77gqRA_oXqsUTNCXSR-_Ic8nABzL_mDcsyI7A {"metadata":{"emulator":{"name":"functions"},"message":"[functions] Got req.url=/security-ce24b/us-central1/services/verify?token=03AGdBq26qliV_LOncG090pwlNXlUNKD0I421ZFLBuCCkgS9X_JL3wyrW2HrlnECjw9wo42zxIIYsPye6MFbWG-ayKCDbGzZkFXMTNzAm2D8LGHki77na10DtAugCp-BP4mTK2J_hlK2SzqAnD4sfmLhcPik_SE4uQCJfMD0tNF7_cgzoD_7muLQj4AodfGo5mfBhztqqrlb8z2XKbIImInthRRo63uHzsdjtqzHKy9r3wXOTzTeOYheb_Dpc4q1BxVR41ysII9iEat4rjczZ2056cvjRnkPMhx9FpR9lcC3L3GZ5gAzmL45CgM0EJDh2hxv6xgY8NnJ9Tlcj9NvEYKmlp8sViapou0pVVjFcyi3VbEF0AfMdcwR1UCoD5blbHWBOhJh-bz3r_Tl4FE5j4Qwxk1ETjEVfix-pr15puMpc8Ft4Fi5Xxq9k82TutG77gqRA_oXqsUTNCXSR-_Ic8nABzL_mDcsyI7A, mapping to path=/verify?token=03AGdBq26qliV_LOncG090pwlNXlUNKD0I421ZFLBuCCkgS9X_JL3wyrW2HrlnECjw9wo42zxIIYsPye6MFbWG-ayKCDbGzZkFXMTNzAm2D8LGHki77na10DtAugCp-BP4mTK2J_hlK2SzqAnD4sfmLhcPik_SE4uQCJfMD0tNF7_cgzoD_7muLQj4AodfGo5mfBhztqqrlb8z2XKbIImInthRRo63uHzsdjtqzHKy9r3wXOTzTeOYheb_Dpc4q1BxVR41ysII9iEat4rjczZ2056cvjRnkPMhx9FpR9lcC3L3GZ5gAzmL45CgM0EJDh2hxv6xgY8NnJ9Tlcj9NvEYKmlp8sViapou0pVVjFcyi3VbEF0AfMdcwR1UCoD5blbHWBOhJh-bz3r_Tl4FE5j4Qwxk1ETjEVfix-pr15puMpc8Ft4Fi5Xxq9k82TutG77gqRA_oXqsUTNCXSR-_Ic8nABzL_mDcsyI7A"}}
[debug] [2022-04-03T14:34:52.695Z] [runtime-status] [12090] Ephemeral server handling POST request {"metadata":{"emulator":{"name":"functions"},"function":{"name":"us-central1-services"},"extension":{},"message":"[runtime-status] [12090] Ephemeral server handling POST request"}}
[debug] [2022-04-03T14:34:52.703Z] [runtime-status] [12090] Ephemeral server survived. {"metadata":{"emulator":{"name":"functions"},"function":{"name":"us-central1-services"},"extension":{},"message":"[runtime-status] [12090] Ephemeral server survived."}}
[info] i  functions: Finished "services" in ~1s {"metadata":{"emulator":{"name":"functions"},"function":{"name":"us-central1-services"},"extension":{},"message":"Finished \"services\" in ~1s"}}
[debug] [2022-04-03T14:34:52.754Z] [worker-us-central1-services-5eb9dc83-9245-4767-9662-d99ed06cafda]: IDLE {"metadata":{"emulator":{"name":"functions"},"message":"[worker-us-central1-services-5eb9dc83-9245-4767-9662-d99ed06cafda]: IDLE"}}
[debug] [2022-04-03T14:34:52.754Z] [work-queue] {"queueLength":0,"workRunningCount":0}
[debug] [2022-04-03T14:34:55.468Z] [work-queue] {"queueLength":1,"workRunningCount":0}
[debug] [2022-04-03T14:34:55.468Z] [work-queue] {"queueLength":0,"workRunningCount":1}
[debug] [2022-04-03T14:34:55.468Z] Accepted request POST /security-ce24b/us-central1/services/payment?total=0 --> us-central1-services
[debug] [2022-04-03T14:34:55.468Z] [worker-pool] submitWork(triggerId=us-central1-services) {"metadata":{"emulator":{"name":"functions"},"message":"[worker-pool] submitWork(triggerId=us-central1-services)"}}
[debug] [2022-04-03T14:34:55.468Z] [worker-us-central1-services-5eb9dc83-9245-4767-9662-d99ed06cafda]: Assigning socketPath: /var/folders/lf/hf91zfv57ls70_g2bm2md9040000gn/T/fire_emu_12090.sock {"metadata":{"emulator":{"name":"functions"},"message":"[worker-us-central1-services-5eb9dc83-9245-4767-9662-d99ed06cafda]: Assigning socketPath: /var/folders/lf/hf91zfv57ls70_g2bm2md9040000gn/T/fire_emu_12090.sock"}}
[debug] [2022-04-03T14:34:55.469Z] [worker-us-central1-services-5eb9dc83-9245-4767-9662-d99ed06cafda]: BUSY {"metadata":{"emulator":{"name":"functions"},"message":"[worker-us-central1-services-5eb9dc83-9245-4767-9662-d99ed06cafda]: BUSY"}}
[debug] [2022-04-03T14:34:55.469Z] [runtime-status] [12090] Beginning invocation function services! {"metadata":{"emulator":{"name":"functions"},"function":{"name":"us-central1-services"},"extension":{},"message":"[runtime-status] [12090] Beginning invocation function services!"}}
[info] i  functions: Beginning execution of "services" {"metadata":{"emulator":{"name":"functions"},"function":{"name":"us-central1-services"},"extension":{},"message":"Beginning execution of \"services\""}}
[debug] [2022-04-03T14:34:55.470Z] [runtime-status] [12090] Running services in signature http {"metadata":{"emulator":{"name":"functions"},"function":{"name":"us-central1-services"},"extension":{},"message":"[runtime-status] [12090] Running services in signature http"}}
[debug] [2022-04-03T14:34:55.470Z] [runtime-status] [12090] Attempting to listen to socketPath: /var/folders/lf/hf91zfv57ls70_g2bm2md9040000gn/T/fire_emu_12090.sock {"metadata":{"emulator":{"name":"functions"},"function":{"name":"us-central1-services"},"extension":{},"message":"[runtime-status] [12090] Attempting to listen to socketPath: /var/folders/lf/hf91zfv57ls70_g2bm2md9040000gn/T/fire_emu_12090.sock"}}
[debug] [2022-04-03T14:34:55.473Z] [functions] Runtime ready! Sending request! {"metadata":{"emulator":{"name":"functions"},"message":"[functions] Runtime ready! Sending request!"}}
[debug] [2022-04-03T14:34:55.473Z] [functions] Got req.url=/security-ce24b/us-central1/services/payment?total=0, mapping to path=/payment?total=0 {"metadata":{"emulator":{"name":"functions"},"message":"[functions] Got req.url=/security-ce24b/us-central1/services/payment?total=0, mapping to path=/payment?total=0"}}
[debug] [2022-04-03T14:34:55.478Z] [runtime-status] [12090] Ephemeral server handling POST request {"metadata":{"emulator":{"name":"functions"},"function":{"name":"us-central1-services"},"extension":{},"message":"[runtime-status] [12090] Ephemeral server handling POST request"}}
[debug] [2022-04-03T14:34:55.481Z] [runtime-status] [12090] Ephemeral server survived. {"metadata":{"emulator":{"name":"functions"},"function":{"name":"us-central1-services"},"extension":{},"message":"[runtime-status] [12090] Ephemeral server survived."}}
[info] >  /Users/batt/PolyU/sec_project/functions/node_modules/stripe/lib/Error.js:40 {"user":"/Users/batt/PolyU/sec_project/functions/node_modules/stripe/lib/Error.js:40","metadata":{"emulator":{"name":"functions"},"function":{"name":"us-central1-services"},"extension":{},"message":"\u001b[90m> \u001b[39m /Users/batt/PolyU/sec_project/functions/node_modules/stripe/lib/Error.js:40"}}
[info] >          return new StripeInvalidRequestError(rawStripeError); {"user":"        return new StripeInvalidRequestError(rawStripeError);","metadata":{"emulator":{"name":"functions"},"function":{"name":"us-central1-services"},"extension":{},"message":"\u001b[90m> \u001b[39m         return new StripeInvalidRequestError(rawStripeError);"}}
[info] >                 ^ {"user":"               ^","metadata":{"emulator":{"name":"functions"},"function":{"name":"us-central1-services"},"extension":{},"message":"\u001b[90m> \u001b[39m                ^"}}
[info] >   {"user":"","metadata":{"emulator":{"name":"functions"},"function":{"name":"us-central1-services"},"extension":{},"message":"\u001b[90m> \u001b[39m "}}
[info] >  StripeInvalidRequestError: This value must be greater than or equal to 1. {"user":"StripeInvalidRequestError: This value must be greater than or equal to 1.","metadata":{"emulator":{"name":"functions"},"function":{"name":"us-central1-services"},"extension":{},"message":"\u001b[90m> \u001b[39m StripeInvalidRequestError: This value must be greater than or equal to 1."}}
[info] >      at Function.generate (/Users/batt/PolyU/sec_project/functions/node_modules/stripe/lib/Error.js:40:16) {"user":"    at Function.generate (/Users/batt/PolyU/sec_project/functions/node_modules/stripe/lib/Error.js:40:16)","metadata":{"emulator":{"name":"functions"},"function":{"name":"us-central1-services"},"extension":{},"message":"\u001b[90m> \u001b[39m     at Function.generate (/Users/batt/PolyU/sec_project/functions/node_modules/stripe/lib/Error.js:40:16)"}}
[info] >      at res.toJSON.then.StripeAPIError.message (/Users/batt/PolyU/sec_project/functions/node_modules/stripe/lib/StripeResource.js:220:35) {"user":"    at res.toJSON.then.StripeAPIError.message (/Users/batt/PolyU/sec_project/functions/node_modules/stripe/lib/StripeResource.js:220:35)","metadata":{"emulator":{"name":"functions"},"function":{"name":"us-central1-services"},"extension":{},"message":"\u001b[90m> \u001b[39m     at res.toJSON.then.StripeAPIError.message (/Users/batt/PolyU/sec_project/functions/node_modules/stripe/lib/StripeResource.js:220:35)"}}
[info] >      at processTicksAndRejections (node:internal/process/task_queues:96:5) { {"user":"    at processTicksAndRejections (node:internal/process/task_queues:96:5) {","metadata":{"emulator":{"name":"functions"},"function":{"name":"us-central1-services"},"extension":{},"message":"\u001b[90m> \u001b[39m     at processTicksAndRejections (node:internal/process/task_queues:96:5) {"}}
[info] >    type: 'StripeInvalidRequestError', {"user":"  type: 'StripeInvalidRequestError',","metadata":{"emulator":{"name":"functions"},"function":{"name":"us-central1-services"},"extension":{},"message":"\u001b[90m> \u001b[39m   type: 'StripeInvalidRequestError',"}}
[info] >    raw: { {"user":"  raw: {","metadata":{"emulator":{"name":"functions"},"function":{"name":"us-central1-services"},"extension":{},"message":"\u001b[90m> \u001b[39m   raw: {"}}
[info] >      code: 'parameter_invalid_integer', {"user":"    code: 'parameter_invalid_integer',","metadata":{"emulator":{"name":"functions"},"function":{"name":"us-central1-services"},"extension":{},"message":"\u001b[90m> \u001b[39m     code: 'parameter_invalid_integer',"}}
[info] >      doc_url: 'https://stripe.com/docs/error-codes/parameter-invalid-integer', {"user":"    doc_url: 'https://stripe.com/docs/error-codes/parameter-invalid-integer',","metadata":{"emulator":{"name":"functions"},"function":{"name":"us-central1-services"},"extension":{},"message":"\u001b[90m> \u001b[39m     doc_url: 'https://stripe.com/docs/error-codes/parameter-invalid-integer',"}}
[info] >      message: 'This value must be greater than or equal to 1.', {"user":"    message: 'This value must be greater than or equal to 1.',","metadata":{"emulator":{"name":"functions"},"function":{"name":"us-central1-services"},"extension":{},"message":"\u001b[90m> \u001b[39m     message: 'This value must be greater than or equal to 1.',"}}
[info] >      param: 'amount', {"user":"    param: 'amount',","metadata":{"emulator":{"name":"functions"},"function":{"name":"us-central1-services"},"extension":{},"message":"\u001b[90m> \u001b[39m     param: 'amount',"}}
[info] >      type: 'invalid_request_error', {"user":"    type: 'invalid_request_error',","metadata":{"emulator":{"name":"functions"},"function":{"name":"us-central1-services"},"extension":{},"message":"\u001b[90m> \u001b[39m     type: 'invalid_request_error',"}}
[info] >      headers: { {"user":"    headers: {","metadata":{"emulator":{"name":"functions"},"function":{"name":"us-central1-services"},"extension":{},"message":"\u001b[90m> \u001b[39m     headers: {"}}
[info] >        server: 'nginx', {"user":"      server: 'nginx',","metadata":{"emulator":{"name":"functions"},"function":{"name":"us-central1-services"},"extension":{},"message":"\u001b[90m> \u001b[39m       server: 'nginx',"}}
[info] >        date: 'Sun, 03 Apr 2022 14:34:55 GMT', {"user":"      date: 'Sun, 03 Apr 2022 14:34:55 GMT',","metadata":{"emulator":{"name":"functions"},"function":{"name":"us-central1-services"},"extension":{},"message":"\u001b[90m> \u001b[39m       date: 'Sun, 03 Apr 2022 14:34:55 GMT',"}}
[info] >        'content-type': 'application/json', {"user":"      'content-type': 'application/json',","metadata":{"emulator":{"name":"functions"},"function":{"name":"us-central1-services"},"extension":{},"message":"\u001b[90m> \u001b[39m       'content-type': 'application/json',"}}
[info] >        'content-length': '266', {"user":"      'content-length': '266',","metadata":{"emulator":{"name":"functions"},"function":{"name":"us-central1-services"},"extension":{},"message":"\u001b[90m> \u001b[39m       'content-length': '266',"}}
[info] >        connection: 'keep-alive', {"user":"      connection: 'keep-alive',","metadata":{"emulator":{"name":"functions"},"function":{"name":"us-central1-services"},"extension":{},"message":"\u001b[90m> \u001b[39m       connection: 'keep-alive',"}}
[info] >        'access-control-allow-credentials': 'true', {"user":"      'access-control-allow-credentials': 'true',","metadata":{"emulator":{"name":"functions"},"function":{"name":"us-central1-services"},"extension":{},"message":"\u001b[90m> \u001b[39m       'access-control-allow-credentials': 'true',"}}
[info] >        'access-control-allow-methods': 'GET, POST, HEAD, OPTIONS, DELETE', {"user":"      'access-control-allow-methods': 'GET, POST, HEAD, OPTIONS, DELETE',","metadata":{"emulator":{"name":"functions"},"function":{"name":"us-central1-services"},"extension":{},"message":"\u001b[90m> \u001b[39m       'access-control-allow-methods': 'GET, POST, HEAD, OPTIONS, DELETE',"}}
[info] >        'access-control-allow-origin': '*', {"user":"      'access-control-allow-origin': '*',","metadata":{"emulator":{"name":"functions"},"function":{"name":"us-central1-services"},"extension":{},"message":"\u001b[90m> \u001b[39m       'access-control-allow-origin': '*',"}}
[info] >        'access-control-expose-headers': 'Request-Id, Stripe-Manage-Version, X-Stripe-External-Auth-Required, X-Stripe-Privileged-Session-Required', {"user":"      'access-control-expose-headers': 'Request-Id, Stripe-Manage-Version, X-Stripe-External-Auth-Required, X-Stripe-Privileged-Session-Required',","metadata":{"emulator":{"name":"functions"},"function":{"name":"us-central1-services"},"extension":{},"message":"\u001b[90m> \u001b[39m       'access-control-expose-headers': 'Request-Id, Stripe-Manage-Version, X-Stripe-External-Auth-Required, X-Stripe-Privileged-Session-Required',"}}
[info] >        'access-control-max-age': '300', {"user":"      'access-control-max-age': '300',","metadata":{"emulator":{"name":"functions"},"function":{"name":"us-central1-services"},"extension":{},"message":"\u001b[90m> \u001b[39m       'access-control-max-age': '300',"}}
[info] >        'cache-control': 'no-cache, no-store', {"user":"      'cache-control': 'no-cache, no-store',","metadata":{"emulator":{"name":"functions"},"function":{"name":"us-central1-services"},"extension":{},"message":"\u001b[90m> \u001b[39m       'cache-control': 'no-cache, no-store',"}}
[info] >        'idempotency-key': 'a61d0743-da73-48b6-8d1b-2fc6f7d4de58', {"user":"      'idempotency-key': 'a61d0743-da73-48b6-8d1b-2fc6f7d4de58',","metadata":{"emulator":{"name":"functions"},"function":{"name":"us-central1-services"},"extension":{},"message":"\u001b[90m> \u001b[39m       'idempotency-key': 'a61d0743-da73-48b6-8d1b-2fc6f7d4de58',"}}
[info] >        'original-request': 'req_cggns36r5ifBMI', {"user":"      'original-request': 'req_cggns36r5ifBMI',","metadata":{"emulator":{"name":"functions"},"function":{"name":"us-central1-services"},"extension":{},"message":"\u001b[90m> \u001b[39m       'original-request': 'req_cggns36r5ifBMI',"}}
[info] >        'request-id': 'req_cggns36r5ifBMI', {"user":"      'request-id': 'req_cggns36r5ifBMI',","metadata":{"emulator":{"name":"functions"},"function":{"name":"us-central1-services"},"extension":{},"message":"\u001b[90m> \u001b[39m       'request-id': 'req_cggns36r5ifBMI',"}}
[info] >        'stripe-version': '2020-08-27', {"user":"      'stripe-version': '2020-08-27',","metadata":{"emulator":{"name":"functions"},"function":{"name":"us-central1-services"},"extension":{},"message":"\u001b[90m> \u001b[39m       'stripe-version': '2020-08-27',"}}
[info] >        'strict-transport-security': 'max-age=31556926; includeSubDomains; preload' {"user":"      'strict-transport-security': 'max-age=31556926; includeSubDomains; preload'","metadata":{"emulator":{"name":"functions"},"function":{"name":"us-central1-services"},"extension":{},"message":"\u001b[90m> \u001b[39m       'strict-transport-security': 'max-age=31556926; includeSubDomains; preload'"}}
[info] >      }, {"user":"    },","metadata":{"emulator":{"name":"functions"},"function":{"name":"us-central1-services"},"extension":{},"message":"\u001b[90m> \u001b[39m     },"}}
[info] >      statusCode: 400, {"user":"    statusCode: 400,","metadata":{"emulator":{"name":"functions"},"function":{"name":"us-central1-services"},"extension":{},"message":"\u001b[90m> \u001b[39m     statusCode: 400,"}}
[info] >      requestId: 'req_cggns36r5ifBMI' {"user":"    requestId: 'req_cggns36r5ifBMI'","metadata":{"emulator":{"name":"functions"},"function":{"name":"us-central1-services"},"extension":{},"message":"\u001b[90m> \u001b[39m     requestId: 'req_cggns36r5ifBMI'"}}
[info] >    }, {"user":"  },","metadata":{"emulator":{"name":"functions"},"function":{"name":"us-central1-services"},"extension":{},"message":"\u001b[90m> \u001b[39m   },"}}
[info] >    rawType: 'invalid_request_error', {"user":"  rawType: 'invalid_request_error',","metadata":{"emulator":{"name":"functions"},"function":{"name":"us-central1-services"},"extension":{},"message":"\u001b[90m> \u001b[39m   rawType: 'invalid_request_error',"}}
[info] >    code: 'parameter_invalid_integer', {"user":"  code: 'parameter_invalid_integer',","metadata":{"emulator":{"name":"functions"},"function":{"name":"us-central1-services"},"extension":{},"message":"\u001b[90m> \u001b[39m   code: 'parameter_invalid_integer',"}}
[info] >    doc_url: 'https://stripe.com/docs/error-codes/parameter-invalid-integer', {"user":"  doc_url: 'https://stripe.com/docs/error-codes/parameter-invalid-integer',","metadata":{"emulator":{"name":"functions"},"function":{"name":"us-central1-services"},"extension":{},"message":"\u001b[90m> \u001b[39m   doc_url: 'https://stripe.com/docs/error-codes/parameter-invalid-integer',"}}
[info] >    param: 'amount', {"user":"  param: 'amount',","metadata":{"emulator":{"name":"functions"},"function":{"name":"us-central1-services"},"extension":{},"message":"\u001b[90m> \u001b[39m   param: 'amount',"}}
[info] >    detail: undefined, {"user":"  detail: undefined,","metadata":{"emulator":{"name":"functions"},"function":{"name":"us-central1-services"},"extension":{},"message":"\u001b[90m> \u001b[39m   detail: undefined,"}}
[info] >    headers: { {"user":"  headers: {","metadata":{"emulator":{"name":"functions"},"function":{"name":"us-central1-services"},"extension":{},"message":"\u001b[90m> \u001b[39m   headers: {"}}
[info] >      server: 'nginx', {"user":"    server: 'nginx',","metadata":{"emulator":{"name":"functions"},"function":{"name":"us-central1-services"},"extension":{},"message":"\u001b[90m> \u001b[39m     server: 'nginx',"}}
[info] >      date: 'Sun, 03 Apr 2022 14:34:55 GMT', {"user":"    date: 'Sun, 03 Apr 2022 14:34:55 GMT',","metadata":{"emulator":{"name":"functions"},"function":{"name":"us-central1-services"},"extension":{},"message":"\u001b[90m> \u001b[39m     date: 'Sun, 03 Apr 2022 14:34:55 GMT',"}}
[info] >      'content-type': 'application/json', {"user":"    'content-type': 'application/json',","metadata":{"emulator":{"name":"functions"},"function":{"name":"us-central1-services"},"extension":{},"message":"\u001b[90m> \u001b[39m     'content-type': 'application/json',"}}
[info] >      'content-length': '266', {"user":"    'content-length': '266',","metadata":{"emulator":{"name":"functions"},"function":{"name":"us-central1-services"},"extension":{},"message":"\u001b[90m> \u001b[39m     'content-length': '266',"}}
[info] >      connection: 'keep-alive', {"user":"    connection: 'keep-alive',","metadata":{"emulator":{"name":"functions"},"function":{"name":"us-central1-services"},"extension":{},"message":"\u001b[90m> \u001b[39m     connection: 'keep-alive',"}}
[info] >      'access-control-allow-credentials': 'true', {"user":"    'access-control-allow-credentials': 'true',","metadata":{"emulator":{"name":"functions"},"function":{"name":"us-central1-services"},"extension":{},"message":"\u001b[90m> \u001b[39m     'access-control-allow-credentials': 'true',"}}
[info] >      'access-control-allow-methods': 'GET, POST, HEAD, OPTIONS, DELETE', {"user":"    'access-control-allow-methods': 'GET, POST, HEAD, OPTIONS, DELETE',","metadata":{"emulator":{"name":"functions"},"function":{"name":"us-central1-services"},"extension":{},"message":"\u001b[90m> \u001b[39m     'access-control-allow-methods': 'GET, POST, HEAD, OPTIONS, DELETE',"}}
[info] >      'access-control-allow-origin': '*', {"user":"    'access-control-allow-origin': '*',","metadata":{"emulator":{"name":"functions"},"function":{"name":"us-central1-services"},"extension":{},"message":"\u001b[90m> \u001b[39m     'access-control-allow-origin': '*',"}}
[info] >      'access-control-expose-headers': 'Request-Id, Stripe-Manage-Version, X-Stripe-External-Auth-Required, X-Stripe-Privileged-Session-Required', {"user":"    'access-control-expose-headers': 'Request-Id, Stripe-Manage-Version, X-Stripe-External-Auth-Required, X-Stripe-Privileged-Session-Required',","metadata":{"emulator":{"name":"functions"},"function":{"name":"us-central1-services"},"extension":{},"message":"\u001b[90m> \u001b[39m     'access-control-expose-headers': 'Request-Id, Stripe-Manage-Version, X-Stripe-External-Auth-Required, X-Stripe-Privileged-Session-Required',"}}
[info] >      'access-control-max-age': '300', {"user":"    'access-control-max-age': '300',","metadata":{"emulator":{"name":"functions"},"function":{"name":"us-central1-services"},"extension":{},"message":"\u001b[90m> \u001b[39m     'access-control-max-age': '300',"}}
[info] >      'cache-control': 'no-cache, no-store', {"user":"    'cache-control': 'no-cache, no-store',","metadata":{"emulator":{"name":"functions"},"function":{"name":"us-central1-services"},"extension":{},"message":"\u001b[90m> \u001b[39m     'cache-control': 'no-cache, no-store',"}}
[info] >      'idempotency-key': 'a61d0743-da73-48b6-8d1b-2fc6f7d4de58', {"user":"    'idempotency-key': 'a61d0743-da73-48b6-8d1b-2fc6f7d4de58',","metadata":{"emulator":{"name":"functions"},"function":{"name":"us-central1-services"},"extension":{},"message":"\u001b[90m> \u001b[39m     'idempotency-key': 'a61d0743-da73-48b6-8d1b-2fc6f7d4de58',"}}
[info] >      'original-request': 'req_cggns36r5ifBMI', {"user":"    'original-request': 'req_cggns36r5ifBMI',","metadata":{"emulator":{"name":"functions"},"function":{"name":"us-central1-services"},"extension":{},"message":"\u001b[90m> \u001b[39m     'original-request': 'req_cggns36r5ifBMI',"}}
[info] >      'request-id': 'req_cggns36r5ifBMI', {"user":"    'request-id': 'req_cggns36r5ifBMI',","metadata":{"emulator":{"name":"functions"},"function":{"name":"us-central1-services"},"extension":{},"message":"\u001b[90m> \u001b[39m     'request-id': 'req_cggns36r5ifBMI',"}}
[info] >      'stripe-version': '2020-08-27', {"user":"    'stripe-version': '2020-08-27',","metadata":{"emulator":{"name":"functions"},"function":{"name":"us-central1-services"},"extension":{},"message":"\u001b[90m> \u001b[39m     'stripe-version': '2020-08-27',"}}
[info] >      'strict-transport-security': 'max-age=31556926; includeSubDomains; preload' {"user":"    'strict-transport-security': 'max-age=31556926; includeSubDomains; preload'","metadata":{"emulator":{"name":"functions"},"function":{"name":"us-central1-services"},"extension":{},"message":"\u001b[90m> \u001b[39m     'strict-transport-security': 'max-age=31556926; includeSubDomains; preload'"}}
[info] >    }, {"user":"  },","metadata":{"emulator":{"name":"functions"},"function":{"name":"us-central1-services"},"extension":{},"message":"\u001b[90m> \u001b[39m   },"}}
[info] >    requestId: 'req_cggns36r5ifBMI', {"user":"  requestId: 'req_cggns36r5ifBMI',","metadata":{"emulator":{"name":"functions"},"function":{"name":"us-central1-services"},"extension":{},"message":"\u001b[90m> \u001b[39m   requestId: 'req_cggns36r5ifBMI',"}}
[info] >    statusCode: 400, {"user":"  statusCode: 400,","metadata":{"emulator":{"name":"functions"},"function":{"name":"us-central1-services"},"extension":{},"message":"\u001b[90m> \u001b[39m   statusCode: 400,"}}
[info] >    charge: undefined, {"user":"  charge: undefined,","metadata":{"emulator":{"name":"functions"},"function":{"name":"us-central1-services"},"extension":{},"message":"\u001b[90m> \u001b[39m   charge: undefined,"}}
[info] >    decline_code: undefined, {"user":"  decline_code: undefined,","metadata":{"emulator":{"name":"functions"},"function":{"name":"us-central1-services"},"extension":{},"message":"\u001b[90m> \u001b[39m   decline_code: undefined,"}}
[info] >    payment_intent: undefined, {"user":"  payment_intent: undefined,","metadata":{"emulator":{"name":"functions"},"function":{"name":"us-central1-services"},"extension":{},"message":"\u001b[90m> \u001b[39m   payment_intent: undefined,"}}
[info] >    payment_method: undefined, {"user":"  payment_method: undefined,","metadata":{"emulator":{"name":"functions"},"function":{"name":"us-central1-services"},"extension":{},"message":"\u001b[90m> \u001b[39m   payment_method: undefined,"}}
[info] >    payment_method_type: undefined, {"user":"  payment_method_type: undefined,","metadata":{"emulator":{"name":"functions"},"function":{"name":"us-central1-services"},"extension":{},"message":"\u001b[90m> \u001b[39m   payment_method_type: undefined,"}}
[info] >    setup_intent: undefined, {"user":"  setup_intent: undefined,","metadata":{"emulator":{"name":"functions"},"function":{"name":"us-central1-services"},"extension":{},"message":"\u001b[90m> \u001b[39m   setup_intent: undefined,"}}
[info] >    source: undefined {"user":"  source: undefined","metadata":{"emulator":{"name":"functions"},"function":{"name":"us-central1-services"},"extension":{},"message":"\u001b[90m> \u001b[39m   source: undefined"}}
[info] >  } {"user":"}","metadata":{"emulator":{"name":"functions"},"function":{"name":"us-central1-services"},"extension":{},"message":"\u001b[90m> \u001b[39m }"}}
[debug] [2022-04-03T14:34:55.807Z] [worker-us-central1-services-5eb9dc83-9245-4767-9662-d99ed06cafda]: exited {"metadata":{"emulator":{"name":"functions"},"message":"[worker-us-central1-services-5eb9dc83-9245-4767-9662-d99ed06cafda]: exited"}}
[debug] [2022-04-03T14:34:55.807Z] [worker-us-central1-services-5eb9dc83-9245-4767-9662-d99ed06cafda]: FINISHED {"metadata":{"emulator":{"name":"functions"},"message":"[worker-us-central1-services-5eb9dc83-9245-4767-9662-d99ed06cafda]: FINISHED"}}
[debug] [2022-04-03T14:34:55.807Z] [work-queue] {"queueLength":0,"workRunningCount":0}
[debug] [2022-04-03T14:37:13.689Z] [work-queue] {"queueLength":1,"workRunningCount":0}
[debug] [2022-04-03T14:37:13.691Z] [work-queue] {"queueLength":0,"workRunningCount":1}
[debug] [2022-04-03T14:37:13.691Z] Accepted request POST /security-ce24b/us-central1/services/payment?total=12000 --> us-central1-services
[debug] [2022-04-03T14:37:13.691Z] [worker-pool] Cleaned up workers for us-central1-services: 1 --> 0 {"metadata":{"emulator":{"name":"functions"},"message":"[worker-pool] Cleaned up workers for us-central1-services: 1 --> 0"}}
[info] i  functions: Loaded environment variables from .env. 
[debug] [2022-04-03T14:37:13.705Z] [worker-pool] addWorker(us-central1-services) {"metadata":{"emulator":{"name":"functions"},"message":"[worker-pool] addWorker(us-central1-services)"}}
[debug] [2022-04-03T14:37:13.705Z] [worker-pool] Adding worker with key us-central1-services, total=1 {"metadata":{"emulator":{"name":"functions"},"message":"[worker-pool] Adding worker with key us-central1-services, total=1"}}
[debug] [2022-04-03T14:37:13.705Z] [worker-pool] submitWork(triggerId=us-central1-services) {"metadata":{"emulator":{"name":"functions"},"message":"[worker-pool] submitWork(triggerId=us-central1-services)"}}
[debug] [2022-04-03T14:37:13.706Z] [worker-us-central1-services-5f13f0ea-abfc-49fd-ac9e-bf4b0c44b436]: Assigning socketPath: /var/folders/lf/hf91zfv57ls70_g2bm2md9040000gn/T/fire_emu_12199.sock {"metadata":{"emulator":{"name":"functions"},"message":"[worker-us-central1-services-5f13f0ea-abfc-49fd-ac9e-bf4b0c44b436]: Assigning socketPath: /var/folders/lf/hf91zfv57ls70_g2bm2md9040000gn/T/fire_emu_12199.sock"}}
[debug] [2022-04-03T14:37:13.706Z] [worker-us-central1-services-5f13f0ea-abfc-49fd-ac9e-bf4b0c44b436]: BUSY {"metadata":{"emulator":{"name":"functions"},"message":"[worker-us-central1-services-5f13f0ea-abfc-49fd-ac9e-bf4b0c44b436]: BUSY"}}
[debug] [2022-04-03T14:37:15.528Z] [runtime-status] [12199] Functions runtime initialized. {"cwd":"/Users/batt/PolyU/sec_project/functions","node_version":"16.13.1"} {"metadata":{"emulator":{"name":"functions"},"function":{"name":"us-central1-services"},"extension":{},"message":"[runtime-status] [12199] Functions runtime initialized. {\"cwd\":\"/Users/batt/PolyU/sec_project/functions\",\"node_version\":\"16.13.1\"}"}}
[debug] [2022-04-03T14:37:15.530Z] [runtime-status] [12199] Disabled runtime features: undefined {"metadata":{"emulator":{"name":"functions"},"function":{"name":"us-central1-services"},"extension":{},"message":"[runtime-status] [12199] Disabled runtime features: undefined"}}
[debug] [2022-04-03T14:37:15.534Z] [runtime-status] [12199] Resolved module firebase-admin {"declared":true,"installed":true,"version":"10.0.2","resolution":"/Users/batt/PolyU/sec_project/functions/node_modules/firebase-admin/lib/index.js"} {"metadata":{"emulator":{"name":"functions"},"function":{"name":"us-central1-services"},"extension":{},"message":"[runtime-status] [12199] Resolved module firebase-admin {\"declared\":true,\"installed\":true,\"version\":\"10.0.2\",\"resolution\":\"/Users/batt/PolyU/sec_project/functions/node_modules/firebase-admin/lib/index.js\"}"}}
[debug] [2022-04-03T14:37:15.536Z] [runtime-status] [12199] Resolved module firebase-functions {"declared":true,"installed":true,"version":"3.19.0","resolution":"/Users/batt/PolyU/sec_project/functions/node_modules/firebase-functions/lib/index.js"} {"metadata":{"emulator":{"name":"functions"},"function":{"name":"us-central1-services"},"extension":{},"message":"[runtime-status] [12199] Resolved module firebase-functions {\"declared\":true,\"installed\":true,\"version\":\"3.19.0\",\"resolution\":\"/Users/batt/PolyU/sec_project/functions/node_modules/firebase-functions/lib/index.js\"}"}}
[debug] [2022-04-03T14:37:15.536Z] [runtime-status] [12199] Outgoing network have been stubbed. [{"name":"http","status":"mocked"},{"name":"http","status":"mocked"},{"name":"https","status":"mocked"},{"name":"https","status":"mocked"},{"name":"net","status":"mocked"}] {"metadata":{"emulator":{"name":"functions"},"function":{"name":"us-central1-services"},"extension":{},"message":"[runtime-status] [12199] Outgoing network have been stubbed. [{\"name\":\"http\",\"status\":\"mocked\"},{\"name\":\"http\",\"status\":\"mocked\"},{\"name\":\"https\",\"status\":\"mocked\"},{\"name\":\"https\",\"status\":\"mocked\"},{\"name\":\"net\",\"status\":\"mocked\"}]"}}
[debug] [2022-04-03T14:37:15.536Z] [runtime-status] [12199] Resolved module firebase-functions {"declared":true,"installed":true,"version":"3.19.0","resolution":"/Users/batt/PolyU/sec_project/functions/node_modules/firebase-functions/lib/index.js"} {"metadata":{"emulator":{"name":"functions"},"function":{"name":"us-central1-services"},"extension":{},"message":"[runtime-status] [12199] Resolved module firebase-functions {\"declared\":true,\"installed\":true,\"version\":\"3.19.0\",\"resolution\":\"/Users/batt/PolyU/sec_project/functions/node_modules/firebase-functions/lib/index.js\"}"}}
[debug] [2022-04-03T14:37:15.608Z] [runtime-status] [12199] Checked functions.config() {"config":{}} {"metadata":{"emulator":{"name":"functions"},"function":{"name":"us-central1-services"},"extension":{},"message":"[runtime-status] [12199] Checked functions.config() {\"config\":{}}"}}
[debug] [2022-04-03T14:37:15.609Z] [runtime-status] [12199] firebase-functions has been stubbed. {"functionsResolution":{"declared":true,"installed":true,"version":"3.19.0","resolution":"/Users/batt/PolyU/sec_project/functions/node_modules/firebase-functions/lib/index.js"}} {"metadata":{"emulator":{"name":"functions"},"function":{"name":"us-central1-services"},"extension":{},"message":"[runtime-status] [12199] firebase-functions has been stubbed. {\"functionsResolution\":{\"declared\":true,\"installed\":true,\"version\":\"3.19.0\",\"resolution\":\"/Users/batt/PolyU/sec_project/functions/node_modules/firebase-functions/lib/index.js\"}}"}}
[debug] [2022-04-03T14:37:15.609Z] [runtime-status] [12199] Resolved module firebase-functions {"declared":true,"installed":true,"version":"3.19.0","resolution":"/Users/batt/PolyU/sec_project/functions/node_modules/firebase-functions/lib/index.js"} {"metadata":{"emulator":{"name":"functions"},"function":{"name":"us-central1-services"},"extension":{},"message":"[runtime-status] [12199] Resolved module firebase-functions {\"declared\":true,\"installed\":true,\"version\":\"3.19.0\",\"resolution\":\"/Users/batt/PolyU/sec_project/functions/node_modules/firebase-functions/lib/index.js\"}"}}
[debug] [2022-04-03T14:37:15.611Z] [runtime-status] [12199] Resolved module firebase-admin {"declared":true,"installed":true,"version":"10.0.2","resolution":"/Users/batt/PolyU/sec_project/functions/node_modules/firebase-admin/lib/index.js"} {"metadata":{"emulator":{"name":"functions"},"function":{"name":"us-central1-services"},"extension":{},"message":"[runtime-status] [12199] Resolved module firebase-admin {\"declared\":true,\"installed\":true,\"version\":\"10.0.2\",\"resolution\":\"/Users/batt/PolyU/sec_project/functions/node_modules/firebase-admin/lib/index.js\"}"}}
[debug] [2022-04-03T14:37:15.611Z] [runtime-status] [12199] Resolved module firebase-functions {"declared":true,"installed":true,"version":"3.19.0","resolution":"/Users/batt/PolyU/sec_project/functions/node_modules/firebase-functions/lib/index.js"} {"metadata":{"emulator":{"name":"functions"},"function":{"name":"us-central1-services"},"extension":{},"message":"[runtime-status] [12199] Resolved module firebase-functions {\"declared\":true,\"installed\":true,\"version\":\"3.19.0\",\"resolution\":\"/Users/batt/PolyU/sec_project/functions/node_modules/firebase-functions/lib/index.js\"}"}}
[debug] [2022-04-03T14:37:15.611Z] [runtime-status] [12199] firebase-admin has been stubbed. {"adminResolution":{"declared":true,"installed":true,"version":"10.0.2","resolution":"/Users/batt/PolyU/sec_project/functions/node_modules/firebase-admin/lib/index.js"}} {"metadata":{"emulator":{"name":"functions"},"function":{"name":"us-central1-services"},"extension":{},"message":"[runtime-status] [12199] firebase-admin has been stubbed. {\"adminResolution\":{\"declared\":true,\"installed\":true,\"version\":\"10.0.2\",\"resolution\":\"/Users/batt/PolyU/sec_project/functions/node_modules/firebase-admin/lib/index.js\"}}"}}
[debug] [2022-04-03T14:37:15.817Z] [runtime-status] [12199] Beginning invocation function services! {"metadata":{"emulator":{"name":"functions"},"function":{"name":"us-central1-services"},"extension":{},"message":"[runtime-status] [12199] Beginning invocation function services!"}}
[info] i  functions: Beginning execution of "services" {"metadata":{"emulator":{"name":"functions"},"function":{"name":"us-central1-services"},"extension":{},"message":"Beginning execution of \"services\""}}
[debug] [2022-04-03T14:37:15.818Z] [runtime-status] [12199] Running services in signature http {"metadata":{"emulator":{"name":"functions"},"function":{"name":"us-central1-services"},"extension":{},"message":"[runtime-status] [12199] Running services in signature http"}}
[debug] [2022-04-03T14:37:15.821Z] [runtime-status] [12199] Attempting to listen to socketPath: /var/folders/lf/hf91zfv57ls70_g2bm2md9040000gn/T/fire_emu_12199.sock {"metadata":{"emulator":{"name":"functions"},"function":{"name":"us-central1-services"},"extension":{},"message":"[runtime-status] [12199] Attempting to listen to socketPath: /var/folders/lf/hf91zfv57ls70_g2bm2md9040000gn/T/fire_emu_12199.sock"}}
[debug] [2022-04-03T14:37:15.831Z] [functions] Runtime ready! Sending request! {"metadata":{"emulator":{"name":"functions"},"message":"[functions] Runtime ready! Sending request!"}}
[debug] [2022-04-03T14:37:15.833Z] [functions] Got req.url=/security-ce24b/us-central1/services/payment?total=12000, mapping to path=/payment?total=12000 {"metadata":{"emulator":{"name":"functions"},"message":"[functions] Got req.url=/security-ce24b/us-central1/services/payment?total=12000, mapping to path=/payment?total=12000"}}
[debug] [2022-04-03T14:37:15.839Z] [runtime-status] [12199] Ephemeral server handling POST request {"metadata":{"emulator":{"name":"functions"},"function":{"name":"us-central1-services"},"extension":{},"message":"[runtime-status] [12199] Ephemeral server handling POST request"}}
[debug] [2022-04-03T14:37:15.854Z] [runtime-status] [12199] Ephemeral server survived. {"metadata":{"emulator":{"name":"functions"},"function":{"name":"us-central1-services"},"extension":{},"message":"[runtime-status] [12199] Ephemeral server survived."}}
[info] i  functions: Finished "services" in ~1s {"metadata":{"emulator":{"name":"functions"},"function":{"name":"us-central1-services"},"extension":{},"message":"Finished \"services\" in ~1s"}}
[debug] [2022-04-03T14:37:16.409Z] [worker-us-central1-services-5f13f0ea-abfc-49fd-ac9e-bf4b0c44b436]: IDLE {"metadata":{"emulator":{"name":"functions"},"message":"[worker-us-central1-services-5f13f0ea-abfc-49fd-ac9e-bf4b0c44b436]: IDLE"}}
[debug] [2022-04-03T14:37:16.409Z] [work-queue] {"queueLength":0,"workRunningCount":0}
[debug] [2022-04-03T14:37:26.868Z] [work-queue] {"queueLength":1,"workRunningCount":0}
[debug] [2022-04-03T14:37:26.868Z] [work-queue] {"queueLength":0,"workRunningCount":1}
[debug] [2022-04-03T14:37:26.868Z] Accepted request POST /security-ce24b/us-central1/services/verify?token=03AGdBq25F8BfgaVM1_-sfKiPRpsGmEv0p7_RVILuFY7nlt5uMNIWwAxv8MhXRHS0IrZAH5cbdVlzRTAgxl1pAIRJUzw-ht8f6WgG6IIaCoWRMLkYtaTq-UBGrTUX_8851bLUpbrPKF9-ahcZY2Yv0WxR-DwPiU4n5b1xb6o5iWQ_GvPENmalyGOzwUKrcedwOcJ42V5PzK_0RaNeB7sTI_Y4EcpkohhG_i1WA7TNSkpjM4MxpPYdpYvLTor7qt5LB2d6KC1_4RMp3tZd0EUwbLTVat6PoeCr5Ocg1BMSCF0Gh6_tw_lDzfHNri4kLnzvUYHyEJz3BIIIuzXHbLRdEIL1a7A1LTlcspmkZ-xfrvxsOSjSby5e_RDW4GD5NQgv4JHAS-T2idE0YYfp9ZVRADiKR9YUe9gmWvSQPZ62kxWmBGWm2MjMJAgVrU4eI-nWjKPZBeZSg2VLAk7Rmr_09bfZdqP3ewtCsUw --> us-central1-services
[debug] [2022-04-03T14:37:26.868Z] [worker-pool] submitWork(triggerId=us-central1-services) {"metadata":{"emulator":{"name":"functions"},"message":"[worker-pool] submitWork(triggerId=us-central1-services)"}}
[debug] [2022-04-03T14:37:26.868Z] [worker-us-central1-services-5f13f0ea-abfc-49fd-ac9e-bf4b0c44b436]: Assigning socketPath: /var/folders/lf/hf91zfv57ls70_g2bm2md9040000gn/T/fire_emu_12199.sock {"metadata":{"emulator":{"name":"functions"},"message":"[worker-us-central1-services-5f13f0ea-abfc-49fd-ac9e-bf4b0c44b436]: Assigning socketPath: /var/folders/lf/hf91zfv57ls70_g2bm2md9040000gn/T/fire_emu_12199.sock"}}
[debug] [2022-04-03T14:37:26.868Z] [worker-us-central1-services-5f13f0ea-abfc-49fd-ac9e-bf4b0c44b436]: BUSY {"metadata":{"emulator":{"name":"functions"},"message":"[worker-us-central1-services-5f13f0ea-abfc-49fd-ac9e-bf4b0c44b436]: BUSY"}}
[debug] [2022-04-03T14:37:26.869Z] [runtime-status] [12199] Beginning invocation function services! {"metadata":{"emulator":{"name":"functions"},"function":{"name":"us-central1-services"},"extension":{},"message":"[runtime-status] [12199] Beginning invocation function services!"}}
[info] i  functions: Beginning execution of "services" {"metadata":{"emulator":{"name":"functions"},"function":{"name":"us-central1-services"},"extension":{},"message":"Beginning execution of \"services\""}}
[debug] [2022-04-03T14:37:26.870Z] [runtime-status] [12199] Running services in signature http {"metadata":{"emulator":{"name":"functions"},"function":{"name":"us-central1-services"},"extension":{},"message":"[runtime-status] [12199] Running services in signature http"}}
[debug] [2022-04-03T14:37:26.870Z] [runtime-status] [12199] Attempting to listen to socketPath: /var/folders/lf/hf91zfv57ls70_g2bm2md9040000gn/T/fire_emu_12199.sock {"metadata":{"emulator":{"name":"functions"},"function":{"name":"us-central1-services"},"extension":{},"message":"[runtime-status] [12199] Attempting to listen to socketPath: /var/folders/lf/hf91zfv57ls70_g2bm2md9040000gn/T/fire_emu_12199.sock"}}
[debug] [2022-04-03T14:37:26.872Z] [functions] Runtime ready! Sending request! {"metadata":{"emulator":{"name":"functions"},"message":"[functions] Runtime ready! Sending request!"}}
[debug] [2022-04-03T14:37:26.872Z] [functions] Got req.url=/security-ce24b/us-central1/services/verify?token=03AGdBq25F8BfgaVM1_-sfKiPRpsGmEv0p7_RVILuFY7nlt5uMNIWwAxv8MhXRHS0IrZAH5cbdVlzRTAgxl1pAIRJUzw-ht8f6WgG6IIaCoWRMLkYtaTq-UBGrTUX_8851bLUpbrPKF9-ahcZY2Yv0WxR-DwPiU4n5b1xb6o5iWQ_GvPENmalyGOzwUKrcedwOcJ42V5PzK_0RaNeB7sTI_Y4EcpkohhG_i1WA7TNSkpjM4MxpPYdpYvLTor7qt5LB2d6KC1_4RMp3tZd0EUwbLTVat6PoeCr5Ocg1BMSCF0Gh6_tw_lDzfHNri4kLnzvUYHyEJz3BIIIuzXHbLRdEIL1a7A1LTlcspmkZ-xfrvxsOSjSby5e_RDW4GD5NQgv4JHAS-T2idE0YYfp9ZVRADiKR9YUe9gmWvSQPZ62kxWmBGWm2MjMJAgVrU4eI-nWjKPZBeZSg2VLAk7Rmr_09bfZdqP3ewtCsUw, mapping to path=/verify?token=03AGdBq25F8BfgaVM1_-sfKiPRpsGmEv0p7_RVILuFY7nlt5uMNIWwAxv8MhXRHS0IrZAH5cbdVlzRTAgxl1pAIRJUzw-ht8f6WgG6IIaCoWRMLkYtaTq-UBGrTUX_8851bLUpbrPKF9-ahcZY2Yv0WxR-DwPiU4n5b1xb6o5iWQ_GvPENmalyGOzwUKrcedwOcJ42V5PzK_0RaNeB7sTI_Y4EcpkohhG_i1WA7TNSkpjM4MxpPYdpYvLTor7qt5LB2d6KC1_4RMp3tZd0EUwbLTVat6PoeCr5Ocg1BMSCF0Gh6_tw_lDzfHNri4kLnzvUYHyEJz3BIIIuzXHbLRdEIL1a7A1LTlcspmkZ-xfrvxsOSjSby5e_RDW4GD5NQgv4JHAS-T2idE0YYfp9ZVRADiKR9YUe9gmWvSQPZ62kxWmBGWm2MjMJAgVrU4eI-nWjKPZBeZSg2VLAk7Rmr_09bfZdqP3ewtCsUw {"metadata":{"emulator":{"name":"functions"},"message":"[functions] Got req.url=/security-ce24b/us-central1/services/verify?token=03AGdBq25F8BfgaVM1_-sfKiPRpsGmEv0p7_RVILuFY7nlt5uMNIWwAxv8MhXRHS0IrZAH5cbdVlzRTAgxl1pAIRJUzw-ht8f6WgG6IIaCoWRMLkYtaTq-UBGrTUX_8851bLUpbrPKF9-ahcZY2Yv0WxR-DwPiU4n5b1xb6o5iWQ_GvPENmalyGOzwUKrcedwOcJ42V5PzK_0RaNeB7sTI_Y4EcpkohhG_i1WA7TNSkpjM4MxpPYdpYvLTor7qt5LB2d6KC1_4RMp3tZd0EUwbLTVat6PoeCr5Ocg1BMSCF0Gh6_tw_lDzfHNri4kLnzvUYHyEJz3BIIIuzXHbLRdEIL1a7A1LTlcspmkZ-xfrvxsOSjSby5e_RDW4GD5NQgv4JHAS-T2idE0YYfp9ZVRADiKR9YUe9gmWvSQPZ62kxWmBGWm2MjMJAgVrU4eI-nWjKPZBeZSg2VLAk7Rmr_09bfZdqP3ewtCsUw, mapping to path=/verify?token=03AGdBq25F8BfgaVM1_-sfKiPRpsGmEv0p7_RVILuFY7nlt5uMNIWwAxv8MhXRHS0IrZAH5cbdVlzRTAgxl1pAIRJUzw-ht8f6WgG6IIaCoWRMLkYtaTq-UBGrTUX_8851bLUpbrPKF9-ahcZY2Yv0WxR-DwPiU4n5b1xb6o5iWQ_GvPENmalyGOzwUKrcedwOcJ42V5PzK_0RaNeB7sTI_Y4EcpkohhG_i1WA7TNSkpjM4MxpPYdpYvLTor7qt5LB2d6KC1_4RMp3tZd0EUwbLTVat6PoeCr5Ocg1BMSCF0Gh6_tw_lDzfHNri4kLnzvUYHyEJz3BIIIuzXHbLRdEIL1a7A1LTlcspmkZ-xfrvxsOSjSby5e_RDW4GD5NQgv4JHAS-T2idE0YYfp9ZVRADiKR9YUe9gmWvSQPZ62kxWmBGWm2MjMJAgVrU4eI-nWjKPZBeZSg2VLAk7Rmr_09bfZdqP3ewtCsUw"}}
[debug] [2022-04-03T14:37:26.875Z] [runtime-status] [12199] Ephemeral server handling POST request {"metadata":{"emulator":{"name":"functions"},"function":{"name":"us-central1-services"},"extension":{},"message":"[runtime-status] [12199] Ephemeral server handling POST request"}}
[debug] [2022-04-03T14:37:26.882Z] [runtime-status] [12199] Ephemeral server survived. {"metadata":{"emulator":{"name":"functions"},"function":{"name":"us-central1-services"},"extension":{},"message":"[runtime-status] [12199] Ephemeral server survived."}}
[info] i  functions: Finished "services" in ~1s {"metadata":{"emulator":{"name":"functions"},"function":{"name":"us-central1-services"},"extension":{},"message":"Finished \"services\" in ~1s"}}
[debug] [2022-04-03T14:37:26.936Z] [worker-us-central1-services-5f13f0ea-abfc-49fd-ac9e-bf4b0c44b436]: IDLE {"metadata":{"emulator":{"name":"functions"},"message":"[worker-us-central1-services-5f13f0ea-abfc-49fd-ac9e-bf4b0c44b436]: IDLE"}}
[debug] [2022-04-03T14:37:26.936Z] [work-queue] {"queueLength":0,"workRunningCount":0}
